2026-06-17 12:44:54,481 - INFO - Initiating authenticated API query for payload category: 'Developer'
2026-06-17 12:44:58,752 - INFO - Pipeline executed successfully. Saved 20 clean JSON objects to data/raw/api_jobs_20260617_124458.json
2026-06-17 10:11:45,946 - INFO - Initiating authenticated API query for payload category: 'Developer'
2026-06-17 10:11:49,196 - INFO - Pipeline executed successfully. Saved 20 clean JSON objects to data/raw/api_jobs_20260617_101149.json
2026-06-18 02:15:07,314 - INFO - Initiating authenticated API query for payload category: 'Developer'
2026-06-18 02:15:09,727 - INFO - Pipeline executed successfully. Saved 20 clean JSON objects to data/raw/api_jobs_20260618_021509.json
2026-06-19 02:43:58,750 - INFO - Initiating authenticated API query for payload category: 'Developer'
2026-06-19 02:44:02,191 - INFO - Pipeline executed successfully. Saved 20 clean JSON objects to data/raw/api_jobs_20260619_024402.json
2026-06-20 02:04:01,553 - INFO - Initiating authenticated API query for payload category: 'Developer'
2026-06-20 02:04:06,294 - INFO - Pipeline executed successfully. Saved 20 clean JSON objects to data/raw/api_jobs_20260620_020406.json
2026-06-21 02:16:12,044 - INFO - Initiating authenticated API query for payload category: 'Developer'
2026-06-21 02:16:15,715 - INFO - Pipeline executed successfully. Saved 20 clean JSON objects to data/raw/api_jobs_20260621_021615.json
2026-06-22 02:30:53,054 - INFO - Initiating authenticated API query for payload category: 'Developer'
2026-06-22 02:30:55,311 - INFO - Pipeline executed successfully. Saved 20 clean JSON objects to data/raw/api_jobs_20260622_023055.json
2026-06-23 01:58:01,872 - INFO - Initiating authenticated API query for payload category: 'Developer'
2026-06-23 01:58:05,151 - INFO - Pipeline executed successfully. Saved 20 clean JSON objects to data/raw/api_jobs_20260623_015805.json
2026-06-24 01:58:10,878 - INFO - Initiating authenticated API query for payload category: 'Developer'
2026-06-24 01:58:13,222 - INFO - Pipeline executed successfully. Saved 20 clean JSON objects to data/raw/api_jobs_20260624_015813.json
2026-06-25 02:00:41,517 - INFO - Initiating authenticated API query for payload category: 'Developer'
2026-06-25 02:00:45,616 - INFO - Pipeline executed successfully. Saved 20 clean JSON objects to data/raw/api_jobs_20260625_020045.json
2026-06-26 02:02:25,720 - INFO - Initiating authenticated API query for payload category: 'Developer'
2026-06-26 02:02:29,147 - INFO - Pipeline executed successfully. Saved 20 clean JSON objects to data/raw/api_jobs_20260626_020229.json
2026-06-27 01:56:23,321 - INFO - Initiating authenticated API query for payload category: 'Developer'
2026-06-27 01:56:25,683 - INFO - Pipeline executed successfully. Saved 20 clean JSON objects to data/raw/api_jobs_20260627_015625.json
2026-06-28 02:07:01,526 - INFO - Initiating authenticated API query for payload category: 'Developer'
2026-06-28 02:07:03,307 - INFO - Pipeline executed successfully. Saved 20 clean JSON objects to data/raw/api_jobs_20260628_020703.json
2026-06-29 02:06:59,654 - INFO - Initiating authenticated API query for payload category: 'Developer'
2026-06-29 02:07:02,534 - INFO - Pipeline executed successfully. Saved 20 clean JSON objects to data/raw/api_jobs_20260629_020702.json
2026-06-30 02:01:19,431 - INFO - Initiating authenticated API query for payload category: 'Developer'
2026-06-30 02:01:23,273 - INFO - Pipeline executed successfully. Saved 20 clean JSON objects to data/raw/api_jobs_20260630_020123.json
2026-07-01 02:07:07,881 - INFO - Initiating authenticated API query for payload category: 'Developer'
2026-07-01 02:07:11,456 - INFO - Pipeline executed successfully. Saved 20 clean JSON objects to data/raw/api_jobs_20260701_020711.json
2026-07-02 02:00:07,322 - INFO - Initiating authenticated API query for payload category: 'Developer'
2026-07-02 02:00:07,634 - ERROR - HTTP Connection Blocked: 503 Server Error: Service Temporarily Unavailable for url: https://api.adzuna.com/v1/api/jobs/in/search/1?app_id=91538a0c&app_key=48ef784ab8511ecfc1ad8b771e41346b&results_per_page=20&what=Developer&content-type=application%2Fjson
2026-07-02 02:00:10,292 - WARNING - Empty or malformed payload provided. Aborting transformation.
2026-07-03 01:31:36,814 - INFO - Initiating authenticated API query for payload category: 'Developer'
2026-07-03 01:31:39,632 - INFO - Pipeline executed successfully. Saved 20 clean JSON objects to data/raw/api_jobs_20260703_013139.json
2026-07-04 01:30:47,146 - INFO - Initiating authenticated API query for payload category: 'Developer'
2026-07-04 01:30:48,907 - INFO - Pipeline executed successfully. Saved 20 clean JSON objects to data/raw/api_jobs_20260704_013048.json
2026-07-05 01:46:20,239 - INFO - Querying Adzuna API for country='in', page=1, keyword='Developer'
2026-07-05 01:46:20,952 - INFO - Fetched and processed 20 records for country='in', keyword='Developer', page=1
2026-07-05 01:46:22,211 - INFO - Querying Adzuna API for country='in', page=2, keyword='Developer'
2026-07-05 01:46:22,885 - INFO - Fetched and processed 20 records for country='in', keyword='Developer', page=2
2026-07-05 01:46:24,356 - INFO - Querying Adzuna API for country='in', page=1, keyword='Data Analyst'
2026-07-05 01:46:24,911 - INFO - Fetched and processed 20 records for country='in', keyword='Data Analyst', page=1
2026-07-05 01:46:26,278 - INFO - Querying Adzuna API for country='in', page=2, keyword='Data Analyst'
2026-07-05 01:46:26,908 - INFO - Fetched and processed 20 records for country='in', keyword='Data Analyst', page=2
2026-07-05 01:46:28,158 - INFO - Querying Adzuna API for country='in', page=1, keyword='Data Scientist'
2026-07-05 01:46:28,768 - INFO - Fetched and processed 20 records for country='in', keyword='Data Scientist', page=1
2026-07-05 01:46:30,508 - INFO - Querying Adzuna API for country='in', page=2, keyword='Data Scientist'
2026-07-05 01:46:31,157 - INFO - Fetched and processed 20 records for country='in', keyword='Data Scientist', page=2
2026-07-05 01:46:33,110 - INFO - Querying Adzuna API for country='in', page=1, keyword='Business Analyst'
2026-07-05 01:46:33,691 - INFO - Fetched and processed 20 records for country='in', keyword='Business Analyst', page=1
2026-07-05 01:46:35,134 - INFO - Querying Adzuna API for country='in', page=2, keyword='Business Analyst'
2026-07-05 01:46:35,747 - INFO - Fetched and processed 20 records for country='in', keyword='Business Analyst', page=2
2026-07-05 01:46:36,998 - INFO - Querying Adzuna API for country='in', page=1, keyword='Data Engineer'
2026-07-05 01:46:37,529 - INFO - Fetched and processed 20 records for country='in', keyword='Data Engineer', page=1
2026-07-05 01:46:39,513 - INFO - Querying Adzuna API for country='in', page=2, keyword='Data Engineer'
2026-07-05 01:46:40,012 - INFO - Fetched and processed 20 records for country='in', keyword='Data Engineer', page=2
2026-07-05 01:46:41,376 - INFO - Querying Adzuna API for country='gb', page=1, keyword='Developer'
2026-07-05 01:46:42,181 - INFO - Fetched and processed 20 records for country='gb', keyword='Developer', page=1
2026-07-05 01:46:43,644 - INFO - Querying Adzuna API for country='gb', page=2, keyword='Developer'
2026-07-05 01:46:44,392 - INFO - Fetched and processed 20 records for country='gb', keyword='Developer', page=2
2026-07-05 01:46:45,942 - INFO - Querying Adzuna API for country='gb', page=1, keyword='Data Analyst'
2026-07-05 01:46:46,454 - INFO - Fetched and processed 20 records for country='gb', keyword='Data Analyst', page=1
2026-07-05 01:46:47,531 - INFO - Querying Adzuna API for country='gb', page=2, keyword='Data Analyst'
2026-07-05 01:46:48,017 - INFO - Fetched and processed 20 records for country='gb', keyword='Data Analyst', page=2
2026-07-05 01:46:49,172 - INFO - Querying Adzuna API for country='gb', page=1, keyword='Data Scientist'
2026-07-05 01:46:49,618 - INFO - Fetched and processed 20 records for country='gb', keyword='Data Scientist', page=1
2026-07-05 01:46:51,168 - INFO - Querying Adzuna API for country='gb', page=2, keyword='Data Scientist'
2026-07-05 01:46:51,757 - INFO - Fetched and processed 20 records for country='gb', keyword='Data Scientist', page=2
2026-07-05 01:46:53,569 - INFO - Querying Adzuna API for country='gb', page=1, keyword='Business Analyst'
2026-07-05 01:46:54,118 - INFO - Fetched and processed 20 records for country='gb', keyword='Business Analyst', page=1
2026-07-05 01:46:55,272 - INFO - Querying Adzuna API for country='gb', page=2, keyword='Business Analyst'
2026-07-05 01:46:55,866 - INFO - Fetched and processed 20 records for country='gb', keyword='Business Analyst', page=2
2026-07-05 01:46:57,079 - INFO - Querying Adzuna API for country='gb', page=1, keyword='Data Engineer'
2026-07-05 01:46:57,598 - INFO - Fetched and processed 20 records for country='gb', keyword='Data Engineer', page=1
2026-07-05 01:46:59,568 - INFO - Querying Adzuna API for country='gb', page=2, keyword='Data Engineer'
2026-07-05 01:47:00,143 - INFO - Fetched and processed 20 records for country='gb', keyword='Data Engineer', page=2
2026-07-05 01:47:02,091 - INFO - Pipeline executed successfully. Saved 400 JSON objects to data/raw/api_jobs_20260705_014702.json
2026-07-06 01:53:04,879 - INFO - Querying Adzuna API for country='in', page=1, keyword='Developer'
2026-07-06 01:53:05,360 - INFO - Fetched and processed 20 records for country='in', keyword='Developer', page=1
2026-07-06 01:53:07,118 - INFO - Querying Adzuna API for country='in', page=2, keyword='Developer'
2026-07-06 01:53:07,466 - INFO - Fetched and processed 20 records for country='in', keyword='Developer', page=2
2026-07-06 01:53:09,251 - INFO - Querying Adzuna API for country='in', page=1, keyword='Data Analyst'
2026-07-06 01:53:09,684 - INFO - Fetched and processed 20 records for country='in', keyword='Data Analyst', page=1
2026-07-06 01:53:11,070 - INFO - Querying Adzuna API for country='in', page=2, keyword='Data Analyst'
2026-07-06 01:53:11,470 - INFO - Fetched and processed 20 records for country='in', keyword='Data Analyst', page=2
2026-07-06 01:53:13,200 - INFO - Querying Adzuna API for country='in', page=1, keyword='Data Scientist'
2026-07-06 01:53:13,623 - INFO - Fetched and processed 20 records for country='in', keyword='Data Scientist', page=1
2026-07-06 01:53:15,528 - INFO - Querying Adzuna API for country='in', page=2, keyword='Data Scientist'
2026-07-06 01:53:15,932 - INFO - Fetched and processed 20 records for country='in', keyword='Data Scientist', page=2
2026-07-06 01:53:17,020 - INFO - Querying Adzuna API for country='in', page=1, keyword='Business Analyst'
2026-07-06 01:53:17,465 - INFO - Fetched and processed 20 records for country='in', keyword='Business Analyst', page=1
2026-07-06 01:53:18,901 - INFO - Querying Adzuna API for country='in', page=2, keyword='Business Analyst'
2026-07-06 01:53:19,390 - INFO - Fetched and processed 20 records for country='in', keyword='Business Analyst', page=2
2026-07-06 01:53:21,213 - INFO - Querying Adzuna API for country='in', page=1, keyword='Data Engineer'
2026-07-06 01:53:21,643 - INFO - Fetched and processed 20 records for country='in', keyword='Data Engineer', page=1
2026-07-06 01:53:22,829 - INFO - Querying Adzuna API for country='in', page=2, keyword='Data Engineer'
2026-07-06 01:53:23,319 - INFO - Fetched and processed 20 records for country='in', keyword='Data Engineer', page=2
2026-07-06 01:53:24,523 - INFO - Querying Adzuna API for country='gb', page=1, keyword='Developer'
2026-07-06 01:53:25,052 - INFO - Fetched and processed 20 records for country='gb', keyword='Developer', page=1
2026-07-06 01:53:26,743 - INFO - Querying Adzuna API for country='gb', page=2, keyword='Developer'
2026-07-06 01:53:27,306 - INFO - Fetched and processed 20 records for country='gb', keyword='Developer', page=2
2026-07-06 01:53:28,394 - INFO - Querying Adzuna API for country='gb', page=1, keyword='Data Analyst'
2026-07-06 01:53:28,892 - INFO - Fetched and processed 20 records for country='gb', keyword='Data Analyst', page=1
2026-07-06 01:53:30,444 - INFO - Querying Adzuna API for country='gb', page=2, keyword='Data Analyst'
2026-07-06 01:53:30,878 - INFO - Fetched and processed 20 records for country='gb', keyword='Data Analyst', page=2
2026-07-06 01:53:32,605 - INFO - Querying Adzuna API for country='gb', page=1, keyword='Data Scientist'
2026-07-06 01:53:33,084 - INFO - Fetched and processed 20 records for country='gb', keyword='Data Scientist', page=1
2026-07-06 01:53:35,017 - INFO - Querying Adzuna API for country='gb', page=2, keyword='Data Scientist'
2026-07-06 01:53:35,466 - INFO - Fetched and processed 20 records for country='gb', keyword='Data Scientist', page=2
2026-07-06 01:53:36,625 - INFO - Querying Adzuna API for country='gb', page=1, keyword='Business Analyst'
2026-07-06 01:53:36,977 - INFO - Fetched and processed 20 records for country='gb', keyword='Business Analyst', page=1
2026-07-06 01:53:38,519 - INFO - Querying Adzuna API for country='gb', page=2, keyword='Business Analyst'
2026-07-06 01:53:38,951 - INFO - Fetched and processed 20 records for country='gb', keyword='Business Analyst', page=2
2026-07-06 01:53:40,794 - INFO - Querying Adzuna API for country='gb', page=1, keyword='Data Engineer'
2026-07-06 01:53:41,201 - INFO - Fetched and processed 20 records for country='gb', keyword='Data Engineer', page=1
2026-07-06 01:53:42,641 - INFO - Querying Adzuna API for country='gb', page=2, keyword='Data Engineer'
2026-07-06 01:53:43,077 - INFO - Fetched and processed 20 records for country='gb', keyword='Data Engineer', page=2
2026-07-06 01:53:44,589 - INFO - Pipeline executed successfully. Saved 400 JSON objects to data/raw/api_jobs_20260706_015344.json
2026-07-07 01:50:14,271 - INFO - Querying Adzuna API for country='in', page=1, keyword='Developer'
2026-07-07 01:50:14,998 - INFO - Fetched and processed 20 records for country='in', keyword='Developer', page=1
2026-07-07 01:50:16,156 - INFO - Querying Adzuna API for country='in', page=2, keyword='Developer'
2026-07-07 01:50:16,683 - INFO - Fetched and processed 20 records for country='in', keyword='Developer', page=2
2026-07-07 01:50:17,888 - INFO - Querying Adzuna API for country='in', page=1, keyword='Data Analyst'
2026-07-07 01:50:18,417 - INFO - Fetched and processed 20 records for country='in', keyword='Data Analyst', page=1
2026-07-07 01:50:20,148 - INFO - Querying Adzuna API for country='in', page=2, keyword='Data Analyst'
2026-07-07 01:50:20,621 - INFO - Fetched and processed 20 records for country='in', keyword='Data Analyst', page=2
2026-07-07 01:50:22,221 - INFO - Querying Adzuna API for country='in', page=1, keyword='Data Scientist'
2026-07-07 01:50:22,807 - INFO - Fetched and processed 20 records for country='in', keyword='Data Scientist', page=1
2026-07-07 01:50:24,757 - INFO - Querying Adzuna API for country='in', page=2, keyword='Data Scientist'
2026-07-07 01:50:25,342 - INFO - Fetched and processed 20 records for country='in', keyword='Data Scientist', page=2
2026-07-07 01:50:26,687 - INFO - Querying Adzuna API for country='in', page=1, keyword='Business Analyst'
2026-07-07 01:50:27,260 - INFO - Fetched and processed 20 records for country='in', keyword='Business Analyst', page=1
2026-07-07 01:50:28,605 - INFO - Querying Adzuna API for country='in', page=2, keyword='Business Analyst'
2026-07-07 01:50:29,189 - INFO - Fetched and processed 20 records for country='in', keyword='Business Analyst', page=2
2026-07-07 01:50:31,075 - INFO - Querying Adzuna API for country='in', page=1, keyword='Data Engineer'
2026-07-07 01:50:31,577 - INFO - Fetched and processed 20 records for country='in', keyword='Data Engineer', page=1
2026-07-07 01:50:33,415 - INFO - Querying Adzuna API for country='in', page=2, keyword='Data Engineer'
2026-07-07 01:50:33,950 - INFO - Fetched and processed 20 records for country='in', keyword='Data Engineer', page=2
2026-07-07 01:50:35,478 - INFO - Querying Adzuna API for country='gb', page=1, keyword='Developer'
2026-07-07 01:50:36,210 - INFO - Fetched and processed 20 records for country='gb', keyword='Developer', page=1
2026-07-07 01:50:37,623 - INFO - Querying Adzuna API for country='gb', page=2, keyword='Developer'
2026-07-07 01:50:38,225 - INFO - Fetched and processed 20 records for country='gb', keyword='Developer', page=2
2026-07-07 01:50:39,385 - INFO - Querying Adzuna API for country='gb', page=1, keyword='Data Analyst'
2026-07-07 01:50:39,893 - INFO - Fetched and processed 20 records for country='gb', keyword='Data Analyst', page=1
2026-07-07 01:50:41,420 - INFO - Querying Adzuna API for country='gb', page=2, keyword='Data Analyst'
2026-07-07 01:50:41,929 - INFO - Fetched and processed 20 records for country='gb', keyword='Data Analyst', page=2
2026-07-07 01:50:43,715 - INFO - Querying Adzuna API for country='gb', page=1, keyword='Data Scientist'
2026-07-07 01:50:44,272 - INFO - Fetched and processed 20 records for country='gb', keyword='Data Scientist', page=1
2026-07-07 01:50:45,616 - INFO - Querying Adzuna API for country='gb', page=2, keyword='Data Scientist'
2026-07-07 01:50:46,244 - INFO - Fetched and processed 20 records for country='gb', keyword='Data Scientist', page=2
2026-07-07 01:50:47,959 - INFO - Querying Adzuna API for country='gb', page=1, keyword='Business Analyst'
2026-07-07 01:50:48,441 - INFO - Fetched and processed 20 records for country='gb', keyword='Business Analyst', page=1
2026-07-07 01:50:49,866 - INFO - Querying Adzuna API for country='gb', page=2, keyword='Business Analyst'
2026-07-07 01:50:50,363 - INFO - Fetched and processed 20 records for country='gb', keyword='Business Analyst', page=2
2026-07-07 01:50:51,485 - INFO - Querying Adzuna API for country='gb', page=1, keyword='Data Engineer'
2026-07-07 01:50:51,960 - INFO - Fetched and processed 20 records for country='gb', keyword='Data Engineer', page=1
2026-07-07 01:50:53,928 - INFO - Querying Adzuna API for country='gb', page=2, keyword='Data Engineer'
2026-07-07 01:50:54,421 - INFO - Fetched and processed 20 records for country='gb', keyword='Data Engineer', page=2
2026-07-07 01:50:56,348 - INFO - Pipeline executed successfully. Saved 400 JSON objects to data/raw/api_jobs_20260707_015056.json
2026-07-08 01:21:40,185 - INFO - Querying Adzuna API for country='in', page=1, keyword='Developer'
2026-07-08 01:21:40,956 - INFO - Fetched and processed 20 records for country='in', keyword='Developer', page=1
2026-07-08 01:21:42,198 - INFO - Querying Adzuna API for country='in', page=2, keyword='Developer'
2026-07-08 01:21:42,864 - INFO - Fetched and processed 20 records for country='in', keyword='Developer', page=2
2026-07-08 01:21:44,527 - INFO - Querying Adzuna API for country='in', page=1, keyword='Data Analyst'
2026-07-08 01:21:45,178 - INFO - Fetched and processed 20 records for country='in', keyword='Data Analyst', page=1
2026-07-08 01:21:47,153 - INFO - Querying Adzuna API for country='in', page=2, keyword='Data Analyst'
2026-07-08 01:21:47,814 - INFO - Fetched and processed 20 records for country='in', keyword='Data Analyst', page=2
2026-07-08 01:21:48,883 - INFO - Querying Adzuna API for country='in', page=1, keyword='Data Scientist'
2026-07-08 01:21:49,418 - INFO - Fetched and processed 20 records for country='in', keyword='Data Scientist', page=1
2026-07-08 01:21:51,396 - INFO - Querying Adzuna API for country='in', page=2, keyword='Data Scientist'
2026-07-08 01:21:52,000 - INFO - Fetched and processed 20 records for country='in', keyword='Data Scientist', page=2
2026-07-08 01:21:53,317 - INFO - Querying Adzuna API for country='in', page=1, keyword='Business Analyst'
2026-07-08 01:21:53,864 - INFO - Fetched and processed 20 records for country='in', keyword='Business Analyst', page=1
2026-07-08 01:21:55,538 - INFO - Querying Adzuna API for country='in', page=2, keyword='Business Analyst'
2026-07-08 01:21:56,178 - INFO - Fetched and processed 20 records for country='in', keyword='Business Analyst', page=2
2026-07-08 01:21:58,005 - INFO - Querying Adzuna API for country='in', page=1, keyword='Data Engineer'
2026-07-08 01:21:58,755 - INFO - Fetched and processed 20 records for country='in', keyword='Data Engineer', page=1
2026-07-08 01:22:00,732 - INFO - Querying Adzuna API for country='in', page=2, keyword='Data Engineer'
2026-07-08 01:22:01,443 - INFO - Fetched and processed 20 records for country='in', keyword='Data Engineer', page=2
2026-07-08 01:22:03,249 - INFO - Querying Adzuna API for country='gb', page=1, keyword='Developer'
2026-07-08 01:22:04,033 - INFO - Fetched and processed 20 records for country='gb', keyword='Developer', page=1
2026-07-08 01:22:05,665 - INFO - Querying Adzuna API for country='gb', page=2, keyword='Developer'
2026-07-08 01:22:06,389 - INFO - Fetched and processed 20 records for country='gb', keyword='Developer', page=2
2026-07-08 01:22:08,287 - INFO - Querying Adzuna API for country='gb', page=1, keyword='Data Analyst'
2026-07-08 01:22:08,955 - INFO - Fetched and processed 20 records for country='gb', keyword='Data Analyst', page=1
2026-07-08 01:22:10,232 - INFO - Querying Adzuna API for country='gb', page=2, keyword='Data Analyst'
2026-07-08 01:22:10,924 - INFO - Fetched and processed 20 records for country='gb', keyword='Data Analyst', page=2
2026-07-08 01:22:12,147 - INFO - Querying Adzuna API for country='gb', page=1, keyword='Data Scientist'
2026-07-08 01:22:12,838 - INFO - Fetched and processed 20 records for country='gb', keyword='Data Scientist', page=1
2026-07-08 01:22:14,625 - INFO - Querying Adzuna API for country='gb', page=2, keyword='Data Scientist'
2026-07-08 01:22:15,359 - INFO - Fetched and processed 20 records for country='gb', keyword='Data Scientist', page=2
2026-07-08 01:22:17,112 - INFO - Querying Adzuna API for country='gb', page=1, keyword='Business Analyst'
2026-07-08 01:22:17,794 - INFO - Fetched and processed 20 records for country='gb', keyword='Business Analyst', page=1
2026-07-08 01:22:18,847 - INFO - Querying Adzuna API for country='gb', page=2, keyword='Business Analyst'
2026-07-08 01:22:19,483 - INFO - Fetched and processed 20 records for country='gb', keyword='Business Analyst', page=2
2026-07-08 01:22:20,497 - INFO - Querying Adzuna API for country='gb', page=1, keyword='Data Engineer'
2026-07-08 01:22:21,081 - INFO - Fetched and processed 20 records for country='gb', keyword='Data Engineer', page=1
2026-07-08 01:22:22,583 - INFO - Querying Adzuna API for country='gb', page=2, keyword='Data Engineer'
2026-07-08 01:22:23,161 - INFO - Fetched and processed 20 records for country='gb', keyword='Data Engineer', page=2
2026-07-08 01:22:24,325 - INFO - Pipeline executed successfully. Saved 400 JSON objects to data/raw/api_jobs_20260708_012224.json
2026-07-09 01:29:35,825 - INFO - Querying Adzuna API for country='in', page=1, keyword='Developer'
2026-07-09 01:29:36,248 - INFO - Fetched and processed 20 records for country='in', keyword='Developer', page=1
2026-07-09 01:29:37,371 - INFO - Querying Adzuna API for country='in', page=2, keyword='Developer'
2026-07-09 01:29:37,697 - INFO - Fetched and processed 20 records for country='in', keyword='Developer', page=2
2026-07-09 01:29:38,915 - INFO - Querying Adzuna API for country='in', page=1, keyword='Data Analyst'
2026-07-09 01:29:39,264 - INFO - Fetched and processed 20 records for country='in', keyword='Data Analyst', page=1
2026-07-09 01:29:40,353 - INFO - Querying Adzuna API for country='in', page=2, keyword='Data Analyst'
2026-07-09 01:29:40,688 - INFO - Fetched and processed 20 records for country='in', keyword='Data Analyst', page=2
2026-07-09 01:29:42,675 - INFO - Querying Adzuna API for country='in', page=1, keyword='Data Scientist'
2026-07-09 01:29:43,044 - INFO - Fetched and processed 20 records for country='in', keyword='Data Scientist', page=1
2026-07-09 01:29:44,292 - INFO - Querying Adzuna API for country='in', page=2, keyword='Data Scientist'
2026-07-09 01:29:44,573 - INFO - Fetched and processed 20 records for country='in', keyword='Data Scientist', page=2
2026-07-09 01:29:46,161 - INFO - Querying Adzuna API for country='in', page=1, keyword='Business Analyst'
2026-07-09 01:29:46,487 - INFO - Fetched and processed 20 records for country='in', keyword='Business Analyst', page=1
2026-07-09 01:29:48,032 - INFO - Querying Adzuna API for country='in', page=2, keyword='Business Analyst'
2026-07-09 01:29:48,336 - INFO - Fetched and processed 20 records for country='in', keyword='Business Analyst', page=2
2026-07-09 01:29:49,757 - INFO - Querying Adzuna API for country='in', page=1, keyword='Data Engineer'
2026-07-09 01:29:50,026 - INFO - Fetched and processed 20 records for country='in', keyword='Data Engineer', page=1
2026-07-09 01:29:51,079 - INFO - Querying Adzuna API for country='in', page=2, keyword='Data Engineer'
2026-07-09 01:29:51,425 - INFO - Fetched and processed 20 records for country='in', keyword='Data Engineer', page=2
2026-07-09 01:29:53,181 - INFO - Querying Adzuna API for country='gb', page=1, keyword='Developer'
2026-07-09 01:29:53,603 - INFO - Fetched and processed 20 records for country='gb', keyword='Developer', page=1
2026-07-09 01:29:55,203 - INFO - Querying Adzuna API for country='gb', page=2, keyword='Developer'
2026-07-09 01:29:55,651 - INFO - Fetched and processed 20 records for country='gb', keyword='Developer', page=2
2026-07-09 01:29:57,077 - INFO - Querying Adzuna API for country='gb', page=1, keyword='Data Analyst'
2026-07-09 01:29:57,471 - INFO - Fetched and processed 20 records for country='gb', keyword='Data Analyst', page=1
2026-07-09 01:29:59,452 - INFO - Querying Adzuna API for country='gb', page=2, keyword='Data Analyst'
2026-07-09 01:29:59,770 - INFO - Fetched and processed 20 records for country='gb', keyword='Data Analyst', page=2
2026-07-09 01:30:01,092 - INFO - Querying Adzuna API for country='gb', page=1, keyword='Data Scientist'
2026-07-09 01:30:01,825 - INFO - Fetched and processed 20 records for country='gb', keyword='Data Scientist', page=1
2026-07-09 01:30:03,068 - INFO - Querying Adzuna API for country='gb', page=2, keyword='Data Scientist'
2026-07-09 01:30:08,780 - INFO - Fetched and processed 20 records for country='gb', keyword='Data Scientist', page=2
2026-07-09 01:30:10,140 - INFO - Querying Adzuna API for country='gb', page=1, keyword='Business Analyst'
2026-07-09 01:30:10,221 - ERROR - HTTP Connection Blocked: 503 Server Error: Service Temporarily Unavailable for url: https://api.adzuna.com/v1/api/jobs/gb/search/1?app_id=91538a0c&app_key=48ef784ab8511ecfc1ad8b771e41346b&results_per_page=20&what=Business+Analyst&content-type=application%2Fjson
2026-07-09 01:30:11,622 - INFO - Querying Adzuna API for country='gb', page=2, keyword='Business Analyst'
2026-07-09 01:30:15,987 - INFO - Fetched and processed 20 records for country='gb', keyword='Business Analyst', page=2
2026-07-09 01:30:17,274 - INFO - Querying Adzuna API for country='gb', page=1, keyword='Data Engineer'
2026-07-09 01:30:18,574 - INFO - Fetched and processed 20 records for country='gb', keyword='Data Engineer', page=1
2026-07-09 01:30:19,756 - INFO - Querying Adzuna API for country='gb', page=2, keyword='Data Engineer'
2026-07-09 01:30:20,644 - INFO - Fetched and processed 20 records for country='gb', keyword='Data Engineer', page=2
2026-07-09 01:30:21,793 - INFO - Pipeline executed successfully. Saved 380 JSON objects to data/raw/api_jobs_20260709_013021.json
2026-07-10 01:27:12,814 - INFO - Querying Adzuna API for country='in', page=1, keyword='Developer'
2026-07-10 01:27:13,637 - INFO - Fetched and processed 20 records for country='in', keyword='Developer', page=1
2026-07-10 01:27:15,039 - INFO - Querying Adzuna API for country='in', page=2, keyword='Developer'
2026-07-10 01:27:15,577 - INFO - Fetched and processed 20 records for country='in', keyword='Developer', page=2
2026-07-10 01:27:16,662 - INFO - Querying Adzuna API for country='in', page=1, keyword='Data Analyst'
2026-07-10 01:27:17,195 - INFO - Fetched and processed 20 records for country='in', keyword='Data Analyst', page=1
2026-07-10 01:27:18,342 - INFO - Querying Adzuna API for country='in', page=2, keyword='Data Analyst'
2026-07-10 01:27:18,839 - INFO - Fetched and processed 20 records for country='in', keyword='Data Analyst', page=2
2026-07-10 01:27:19,883 - INFO - Querying Adzuna API for country='in', page=1, keyword='Data Scientist'
2026-07-10 01:27:20,330 - INFO - Fetched and processed 20 records for country='in', keyword='Data Scientist', page=1
2026-07-10 01:27:21,343 - INFO - Querying Adzuna API for country='in', page=2, keyword='Data Scientist'
2026-07-10 01:27:21,777 - INFO - Fetched and processed 20 records for country='in', keyword='Data Scientist', page=2
2026-07-10 01:27:23,502 - INFO - Querying Adzuna API for country='in', page=1, keyword='Business Analyst'
2026-07-10 01:27:23,981 - INFO - Fetched and processed 20 records for country='in', keyword='Business Analyst', page=1
2026-07-10 01:27:25,465 - INFO - Querying Adzuna API for country='in', page=2, keyword='Business Analyst'
2026-07-10 01:27:25,929 - INFO - Fetched and processed 20 records for country='in', keyword='Business Analyst', page=2
2026-07-10 01:27:27,463 - INFO - Querying Adzuna API for country='in', page=1, keyword='Data Engineer'
2026-07-10 01:27:28,069 - INFO - Fetched and processed 20 records for country='in', keyword='Data Engineer', page=1
2026-07-10 01:27:29,662 - INFO - Querying Adzuna API for country='in', page=2, keyword='Data Engineer'
2026-07-10 01:27:30,139 - INFO - Fetched and processed 20 records for country='in', keyword='Data Engineer', page=2
2026-07-10 01:27:31,736 - INFO - Querying Adzuna API for country='gb', page=1, keyword='Developer'
2026-07-10 01:27:32,329 - INFO - Fetched and processed 20 records for country='gb', keyword='Developer', page=1
2026-07-10 01:27:33,903 - INFO - Querying Adzuna API for country='gb', page=2, keyword='Developer'
2026-07-10 01:27:34,597 - INFO - Fetched and processed 20 records for country='gb', keyword='Developer', page=2
2026-07-10 01:27:35,808 - INFO - Querying Adzuna API for country='gb', page=1, keyword='Data Analyst'
2026-07-10 01:27:36,252 - INFO - Fetched and processed 20 records for country='gb', keyword='Data Analyst', page=1
2026-07-10 01:27:37,789 - INFO - Querying Adzuna API for country='gb', page=2, keyword='Data Analyst'
2026-07-10 01:27:38,342 - INFO - Fetched and processed 20 records for country='gb', keyword='Data Analyst', page=2
2026-07-10 01:27:39,948 - INFO - Querying Adzuna API for country='gb', page=1, keyword='Data Scientist'
2026-07-10 01:27:40,581 - INFO - Fetched and processed 20 records for country='gb', keyword='Data Scientist', page=1
2026-07-10 01:27:42,205 - INFO - Querying Adzuna API for country='gb', page=2, keyword='Data Scientist'
2026-07-10 01:27:42,748 - INFO - Fetched and processed 20 records for country='gb', keyword='Data Scientist', page=2
2026-07-10 01:27:44,041 - INFO - Querying Adzuna API for country='gb', page=1, keyword='Business Analyst'
2026-07-10 01:27:44,757 - INFO - Fetched and processed 20 records for country='gb', keyword='Business Analyst', page=1
2026-07-10 01:27:46,354 - INFO - Querying Adzuna API for country='gb', page=2, keyword='Business Analyst'
2026-07-10 01:27:46,817 - INFO - Fetched and processed 20 records for country='gb', keyword='Business Analyst', page=2
2026-07-10 01:27:48,177 - INFO - Querying Adzuna API for country='gb', page=1, keyword='Data Engineer'
2026-07-10 01:27:48,610 - INFO - Fetched and processed 20 records for country='gb', keyword='Data Engineer', page=1
2026-07-10 01:27:50,351 - INFO - Querying Adzuna API for country='gb', page=2, keyword='Data Engineer'
2026-07-10 01:27:50,860 - INFO - Fetched and processed 20 records for country='gb', keyword='Data Engineer', page=2
2026-07-10 01:27:52,007 - INFO - Pipeline executed successfully. Saved 400 JSON objects to data/raw/api_jobs_20260710_012752.json
2026-07-11 01:20:34,860 - INFO - Querying Adzuna API for country='in', page=1, keyword='Developer'
2026-07-11 01:20:35,515 - INFO - Fetched and processed 20 records for country='in', keyword='Developer', page=1
2026-07-11 01:20:36,983 - INFO - Querying Adzuna API for country='in', page=2, keyword='Developer'
2026-07-11 01:20:37,312 - INFO - Fetched and processed 20 records for country='in', keyword='Developer', page=2
2026-07-11 01:20:38,446 - INFO - Querying Adzuna API for country='in', page=1, keyword='Data Analyst'
2026-07-11 01:20:38,846 - INFO - Fetched and processed 20 records for country='in', keyword='Data Analyst', page=1
2026-07-11 01:20:40,661 - INFO - Querying Adzuna API for country='in', page=2, keyword='Data Analyst'
2026-07-11 01:20:41,029 - INFO - Fetched and processed 20 records for country='in', keyword='Data Analyst', page=2
2026-07-11 01:20:42,792 - INFO - Querying Adzuna API for country='in', page=1, keyword='Data Scientist'
2026-07-11 01:20:43,104 - INFO - Fetched and processed 20 records for country='in', keyword='Data Scientist', page=1
2026-07-11 01:20:44,230 - INFO - Querying Adzuna API for country='in', page=2, keyword='Data Scientist'
2026-07-11 01:20:44,629 - INFO - Fetched and processed 20 records for country='in', keyword='Data Scientist', page=2
2026-07-11 01:20:45,764 - INFO - Querying Adzuna API for country='in', page=1, keyword='Business Analyst'
2026-07-11 01:20:46,222 - INFO - Fetched and processed 20 records for country='in', keyword='Business Analyst', page=1
2026-07-11 01:20:47,987 - INFO - Querying Adzuna API for country='in', page=2, keyword='Business Analyst'
2026-07-11 01:20:48,352 - INFO - Fetched and processed 20 records for country='in', keyword='Business Analyst', page=2
2026-07-11 01:20:49,463 - INFO - Querying Adzuna API for country='in', page=1, keyword='Data Engineer'
2026-07-11 01:20:49,778 - INFO - Fetched and processed 20 records for country='in', keyword='Data Engineer', page=1
2026-07-11 01:20:51,517 - INFO - Querying Adzuna API for country='in', page=2, keyword='Data Engineer'
2026-07-11 01:20:51,848 - INFO - Fetched and processed 20 records for country='in', keyword='Data Engineer', page=2
2026-07-11 01:20:53,042 - INFO - Querying Adzuna API for country='gb', page=1, keyword='Developer'
2026-07-11 01:20:53,495 - INFO - Fetched and processed 20 records for country='gb', keyword='Developer', page=1
2026-07-11 01:20:55,280 - INFO - Querying Adzuna API for country='gb', page=2, keyword='Developer'
2026-07-11 01:20:55,823 - INFO - Fetched and processed 20 records for country='gb', keyword='Developer', page=2
2026-07-11 01:20:57,179 - INFO - Querying Adzuna API for country='gb', page=1, keyword='Data Analyst'
2026-07-11 01:20:57,706 - INFO - Fetched and processed 20 records for country='gb', keyword='Data Analyst', page=1
2026-07-11 01:20:58,912 - INFO - Querying Adzuna API for country='gb', page=2, keyword='Data Analyst'
2026-07-11 01:20:59,318 - INFO - Fetched and processed 20 records for country='gb', keyword='Data Analyst', page=2
2026-07-11 01:21:00,364 - INFO - Querying Adzuna API for country='gb', page=1, keyword='Data Scientist'
2026-07-11 01:21:00,744 - INFO - Fetched and processed 20 records for country='gb', keyword='Data Scientist', page=1
2026-07-11 01:21:02,401 - INFO - Querying Adzuna API for country='gb', page=2, keyword='Data Scientist'
2026-07-11 01:21:03,042 - INFO - Fetched and processed 20 records for country='gb', keyword='Data Scientist', page=2
2026-07-11 01:21:04,482 - INFO - Querying Adzuna API for country='gb', page=1, keyword='Business Analyst'
2026-07-11 01:21:04,822 - INFO - Fetched and processed 20 records for country='gb', keyword='Business Analyst', page=1
2026-07-11 01:21:06,424 - INFO - Querying Adzuna API for country='gb', page=2, keyword='Business Analyst'
2026-07-11 01:21:06,787 - INFO - Fetched and processed 20 records for country='gb', keyword='Business Analyst', page=2
2026-07-11 01:21:08,196 - INFO - Querying Adzuna API for country='gb', page=1, keyword='Data Engineer'
2026-07-11 01:21:08,731 - INFO - Fetched and processed 20 records for country='gb', keyword='Data Engineer', page=1
2026-07-11 01:21:10,320 - INFO - Querying Adzuna API for country='gb', page=2, keyword='Data Engineer'
2026-07-11 01:21:10,741 - INFO - Fetched and processed 20 records for country='gb', keyword='Data Engineer', page=2
2026-07-11 01:21:12,067 - INFO - Pipeline executed successfully. Saved 400 JSON objects to data/raw/api_jobs_20260711_012112.json
2026-07-12 01:22:24,990 - INFO - Querying Adzuna API for country='in', page=1, keyword='Developer'
2026-07-12 01:22:25,589 - INFO - Fetched and processed 20 records for country='in', keyword='Developer', page=1
2026-07-12 01:22:26,771 - INFO - Querying Adzuna API for country='in', page=2, keyword='Developer'
2026-07-12 01:22:27,322 - INFO - Fetched and processed 20 records for country='in', keyword='Developer', page=2
2026-07-12 01:22:28,795 - INFO - Querying Adzuna API for country='in', page=1, keyword='Data Analyst'
2026-07-12 01:22:29,260 - INFO - Fetched and processed 20 records for country='in', keyword='Data Analyst', page=1
2026-07-12 01:22:30,312 - INFO - Querying Adzuna API for country='in', page=2, keyword='Data Analyst'
2026-07-12 01:22:30,848 - INFO - Fetched and processed 20 records for country='in', keyword='Data Analyst', page=2
2026-07-12 01:22:32,029 - INFO - Querying Adzuna API for country='in', page=1, keyword='Data Scientist'
2026-07-12 01:22:32,674 - INFO - Fetched and processed 20 records for country='in', keyword='Data Scientist', page=1
2026-07-12 01:22:34,299 - INFO - Querying Adzuna API for country='in', page=2, keyword='Data Scientist'
2026-07-12 01:22:34,772 - INFO - Fetched and processed 20 records for country='in', keyword='Data Scientist', page=2
2026-07-12 01:22:35,968 - INFO - Querying Adzuna API for country='in', page=1, keyword='Business Analyst'
2026-07-12 01:22:36,398 - INFO - Fetched and processed 20 records for country='in', keyword='Business Analyst', page=1
2026-07-12 01:22:38,088 - INFO - Querying Adzuna API for country='in', page=2, keyword='Business Analyst'
2026-07-12 01:22:38,576 - INFO - Fetched and processed 20 records for country='in', keyword='Business Analyst', page=2
2026-07-12 01:22:39,772 - INFO - Querying Adzuna API for country='in', page=1, keyword='Data Engineer'
2026-07-12 01:22:40,269 - INFO - Fetched and processed 20 records for country='in', keyword='Data Engineer', page=1
2026-07-12 01:22:41,677 - INFO - Querying Adzuna API for country='in', page=2, keyword='Data Engineer'
2026-07-12 01:22:42,131 - INFO - Fetched and processed 20 records for country='in', keyword='Data Engineer', page=2
2026-07-12 01:22:43,900 - INFO - Querying Adzuna API for country='gb', page=1, keyword='Developer'
2026-07-12 01:22:44,457 - INFO - Fetched and processed 20 records for country='gb', keyword='Developer', page=1
2026-07-12 01:22:45,765 - INFO - Querying Adzuna API for country='gb', page=2, keyword='Developer'
2026-07-12 01:22:46,389 - INFO - Fetched and processed 20 records for country='gb', keyword='Developer', page=2
2026-07-12 01:22:48,054 - INFO - Querying Adzuna API for country='gb', page=1, keyword='Data Analyst'
2026-07-12 01:22:48,563 - INFO - Fetched and processed 20 records for country='gb', keyword='Data Analyst', page=1
2026-07-12 01:22:49,794 - INFO - Querying Adzuna API for country='gb', page=2, keyword='Data Analyst'
2026-07-12 01:22:50,277 - INFO - Fetched and processed 20 records for country='gb', keyword='Data Analyst', page=2
2026-07-12 01:22:51,525 - INFO - Querying Adzuna API for country='gb', page=1, keyword='Data Scientist'
2026-07-12 01:22:52,101 - INFO - Fetched and processed 20 records for country='gb', keyword='Data Scientist', page=1
2026-07-12 01:22:53,227 - INFO - Querying Adzuna API for country='gb', page=2, keyword='Data Scientist'
2026-07-12 01:22:53,742 - INFO - Fetched and processed 20 records for country='gb', keyword='Data Scientist', page=2
2026-07-12 01:22:55,161 - INFO - Querying Adzuna API for country='gb', page=1, keyword='Business Analyst'
2026-07-12 01:22:55,694 - INFO - Fetched and processed 20 records for country='gb', keyword='Business Analyst', page=1
2026-07-12 01:22:57,225 - INFO - Querying Adzuna API for country='gb', page=2, keyword='Business Analyst'
2026-07-12 01:22:58,154 - INFO - Fetched and processed 20 records for country='gb', keyword='Business Analyst', page=2
2026-07-12 01:22:59,578 - INFO - Querying Adzuna API for country='gb', page=1, keyword='Data Engineer'
2026-07-12 01:23:00,140 - INFO - Fetched and processed 20 records for country='gb', keyword='Data Engineer', page=1
2026-07-12 01:23:01,403 - INFO - Querying Adzuna API for country='gb', page=2, keyword='Data Engineer'
2026-07-12 01:23:02,221 - INFO - Fetched and processed 20 records for country='gb', keyword='Data Engineer', page=2
2026-07-12 01:23:03,664 - INFO - Pipeline executed successfully. Saved 400 JSON objects to data/raw/api_jobs_20260712_012303.json
2026-07-13 01:23:46,598 - INFO - Querying Adzuna API for country='in', page=1, keyword='Developer'
2026-07-13 01:23:47,303 - INFO - Fetched and processed 20 records for country='in', keyword='Developer', page=1
2026-07-13 01:23:48,871 - INFO - Querying Adzuna API for country='in', page=2, keyword='Developer'
2026-07-13 01:23:49,452 - INFO - Fetched and processed 20 records for country='in', keyword='Developer', page=2
2026-07-13 01:23:51,131 - INFO - Querying Adzuna API for country='in', page=1, keyword='Data Analyst'
2026-07-13 01:23:51,637 - INFO - Fetched and processed 20 records for country='in', keyword='Data Analyst', page=1
2026-07-13 01:23:53,447 - INFO - Querying Adzuna API for country='in', page=2, keyword='Data Analyst'
2026-07-13 01:23:53,881 - INFO - Fetched and processed 20 records for country='in', keyword='Data Analyst', page=2
2026-07-13 01:23:55,343 - INFO - Querying Adzuna API for country='in', page=1, keyword='Data Scientist'
2026-07-13 01:23:55,742 - INFO - Fetched and processed 20 records for country='in', keyword='Data Scientist', page=1
2026-07-13 01:23:57,739 - INFO - Querying Adzuna API for country='in', page=2, keyword='Data Scientist'
2026-07-13 01:23:58,287 - INFO - Fetched and processed 20 records for country='in', keyword='Data Scientist', page=2
2026-07-13 01:23:59,487 - INFO - Querying Adzuna API for country='in', page=1, keyword='Business Analyst'
2026-07-13 01:23:59,915 - INFO - Fetched and processed 20 records for country='in', keyword='Business Analyst', page=1
2026-07-13 01:24:01,560 - INFO - Querying Adzuna API for country='in', page=2, keyword='Business Analyst'
2026-07-13 01:24:02,144 - INFO - Fetched and processed 20 records for country='in', keyword='Business Analyst', page=2
2026-07-13 01:24:03,567 - INFO - Querying Adzuna API for country='in', page=1, keyword='Data Engineer'
2026-07-13 01:24:03,959 - INFO - Fetched and processed 20 records for country='in', keyword='Data Engineer', page=1
2026-07-13 01:24:05,024 - INFO - Querying Adzuna API for country='in', page=2, keyword='Data Engineer'
2026-07-13 01:24:05,550 - INFO - Fetched and processed 20 records for country='in', keyword='Data Engineer', page=2
2026-07-13 01:24:06,997 - INFO - Querying Adzuna API for country='gb', page=1, keyword='Developer'
2026-07-13 01:24:07,557 - INFO - Fetched and processed 20 records for country='gb', keyword='Developer', page=1
2026-07-13 01:24:09,422 - INFO - Querying Adzuna API for country='gb', page=2, keyword='Developer'
2026-07-13 01:24:10,065 - INFO - Fetched and processed 20 records for country='gb', keyword='Developer', page=2
2026-07-13 01:24:11,653 - INFO - Querying Adzuna API for country='gb', page=1, keyword='Data Analyst'
2026-07-13 01:24:12,065 - INFO - Fetched and processed 20 records for country='gb', keyword='Data Analyst', page=1
2026-07-13 01:24:14,057 - INFO - Querying Adzuna API for country='gb', page=2, keyword='Data Analyst'
2026-07-13 01:24:14,545 - INFO - Fetched and processed 20 records for country='gb', keyword='Data Analyst', page=2
2026-07-13 01:24:15,709 - INFO - Querying Adzuna API for country='gb', page=1, keyword='Data Scientist'
2026-07-13 01:24:16,104 - INFO - Fetched and processed 20 records for country='gb', keyword='Data Scientist', page=1
2026-07-13 01:24:17,270 - INFO - Querying Adzuna API for country='gb', page=2, keyword='Data Scientist'
2026-07-13 01:24:17,772 - INFO - Fetched and processed 20 records for country='gb', keyword='Data Scientist', page=2
2026-07-13 01:24:19,338 - INFO - Querying Adzuna API for country='gb', page=1, keyword='Business Analyst'
2026-07-13 01:24:19,786 - INFO - Fetched and processed 20 records for country='gb', keyword='Business Analyst', page=1
2026-07-13 01:24:21,172 - INFO - Querying Adzuna API for country='gb', page=2, keyword='Business Analyst'
2026-07-13 01:24:21,529 - INFO - Fetched and processed 20 records for country='gb', keyword='Business Analyst', page=2
2026-07-13 01:24:22,952 - INFO - Querying Adzuna API for country='gb', page=1, keyword='Data Engineer'
2026-07-13 01:24:23,477 - INFO - Fetched and processed 20 records for country='gb', keyword='Data Engineer', page=1
2026-07-13 01:24:25,115 - INFO - Querying Adzuna API for country='gb', page=2, keyword='Data Engineer'
2026-07-13 01:24:25,530 - INFO - Fetched and processed 20 records for country='gb', keyword='Data Engineer', page=2
2026-07-13 01:24:26,579 - INFO - Pipeline executed successfully. Saved 400 JSON objects to data/raw/api_jobs_20260713_012426.json
2026-07-14 01:13:41,112 - INFO - Querying Adzuna API for country='in', page=1, keyword='Developer'
2026-07-14 01:13:41,635 - INFO - Fetched and processed 20 records for country='in', keyword='Developer', page=1
2026-07-14 01:13:42,719 - INFO - Querying Adzuna API for country='in', page=2, keyword='Developer'
2026-07-14 01:13:43,062 - INFO - Fetched and processed 20 records for country='in', keyword='Developer', page=2
2026-07-14 01:13:44,459 - INFO - Querying Adzuna API for country='in', page=1, keyword='Data Analyst'
2026-07-14 01:13:44,770 - INFO - Fetched and processed 20 records for country='in', keyword='Data Analyst', page=1
2026-07-14 01:13:46,381 - INFO - Querying Adzuna API for country='in', page=2, keyword='Data Analyst'
2026-07-14 01:13:46,803 - INFO - Fetched and processed 20 records for country='in', keyword='Data Analyst', page=2
2026-07-14 01:13:48,779 - INFO - Querying Adzuna API for country='in', page=1, keyword='Data Scientist'
2026-07-14 01:13:49,305 - INFO - Fetched and processed 20 records for country='in', keyword='Data Scientist', page=1
2026-07-14 01:13:51,029 - INFO - Querying Adzuna API for country='in', page=2, keyword='Data Scientist'
2026-07-14 01:13:51,639 - INFO - Fetched and processed 20 records for country='in', keyword='Data Scientist', page=2
2026-07-14 01:13:53,139 - INFO - Querying Adzuna API for country='in', page=1, keyword='Business Analyst'
2026-07-14 01:13:53,545 - INFO - Fetched and processed 20 records for country='in', keyword='Business Analyst', page=1
2026-07-14 01:13:54,970 - INFO - Querying Adzuna API for country='in', page=2, keyword='Business Analyst'
2026-07-14 01:13:55,320 - INFO - Fetched and processed 20 records for country='in', keyword='Business Analyst', page=2
2026-07-14 01:13:57,060 - INFO - Querying Adzuna API for country='in', page=1, keyword='Data Engineer'
2026-07-14 01:13:57,436 - INFO - Fetched and processed 20 records for country='in', keyword='Data Engineer', page=1
2026-07-14 01:13:59,012 - INFO - Querying Adzuna API for country='in', page=2, keyword='Data Engineer'
2026-07-14 01:13:59,386 - INFO - Fetched and processed 20 records for country='in', keyword='Data Engineer', page=2
2026-07-14 01:14:01,076 - INFO - Querying Adzuna API for country='gb', page=1, keyword='Developer'
2026-07-14 01:14:01,554 - INFO - Fetched and processed 20 records for country='gb', keyword='Developer', page=1
2026-07-14 01:14:02,972 - INFO - Querying Adzuna API for country='gb', page=2, keyword='Developer'
2026-07-14 01:14:03,516 - INFO - Fetched and processed 20 records for country='gb', keyword='Developer', page=2
2026-07-14 01:14:05,242 - INFO - Querying Adzuna API for country='gb', page=1, keyword='Data Analyst'
2026-07-14 01:14:05,568 - INFO - Fetched and processed 20 records for country='gb', keyword='Data Analyst', page=1
2026-07-14 01:14:06,679 - INFO - Querying Adzuna API for country='gb', page=2, keyword='Data Analyst'
2026-07-14 01:14:07,104 - INFO - Fetched and processed 20 records for country='gb', keyword='Data Analyst', page=2
2026-07-14 01:14:09,101 - INFO - Querying Adzuna API for country='gb', page=1, keyword='Data Scientist'
2026-07-14 01:14:09,498 - INFO - Fetched and processed 20 records for country='gb', keyword='Data Scientist', page=1
2026-07-14 01:14:11,246 - INFO - Querying Adzuna API for country='gb', page=2, keyword='Data Scientist'
2026-07-14 01:14:11,730 - INFO - Fetched and processed 20 records for country='gb', keyword='Data Scientist', page=2
2026-07-14 01:14:13,135 - INFO - Querying Adzuna API for country='gb', page=1, keyword='Business Analyst'
2026-07-14 01:14:13,573 - INFO - Fetched and processed 20 records for country='gb', keyword='Business Analyst', page=1
2026-07-14 01:14:15,121 - INFO - Querying Adzuna API for country='gb', page=2, keyword='Business Analyst'
2026-07-14 01:14:15,568 - INFO - Fetched and processed 20 records for country='gb', keyword='Business Analyst', page=2
2026-07-14 01:14:17,340 - INFO - Querying Adzuna API for country='gb', page=1, keyword='Data Engineer'
2026-07-14 01:14:17,861 - INFO - Fetched and processed 20 records for country='gb', keyword='Data Engineer', page=1
2026-07-14 01:14:19,847 - INFO - Querying Adzuna API for country='gb', page=2, keyword='Data Engineer'
2026-07-14 01:14:20,339 - INFO - Fetched and processed 20 records for country='gb', keyword='Data Engineer', page=2
2026-07-14 01:14:21,991 - INFO - Pipeline executed successfully. Saved 400 JSON objects to data/raw/api_jobs_20260714_011421.json
2026-07-15 01:10:05,215 - INFO - Querying Adzuna API for country='in', page=1, keyword='Developer'
2026-07-15 01:10:06,009 - INFO - Fetched and processed 20 records for country='in', keyword='Developer', page=1
2026-07-15 01:10:07,079 - INFO - Querying Adzuna API for country='in', page=2, keyword='Developer'
2026-07-15 01:10:07,616 - INFO - Fetched and processed 20 records for country='in', keyword='Developer', page=2
2026-07-15 01:10:08,872 - INFO - Querying Adzuna API for country='in', page=1, keyword='Data Analyst'
2026-07-15 01:10:09,577 - INFO - Fetched and processed 20 records for country='in', keyword='Data Analyst', page=1
2026-07-15 01:10:11,198 - INFO - Querying Adzuna API for country='in', page=2, keyword='Data Analyst'
2026-07-15 01:10:11,767 - INFO - Fetched and processed 20 records for country='in', keyword='Data Analyst', page=2
2026-07-15 01:10:13,054 - INFO - Querying Adzuna API for country='in', page=1, keyword='Data Scientist'
2026-07-15 01:10:13,559 - INFO - Fetched and processed 20 records for country='in', keyword='Data Scientist', page=1
2026-07-15 01:10:15,295 - INFO - Querying Adzuna API for country='in', page=2, keyword='Data Scientist'
2026-07-15 01:10:15,810 - INFO - Fetched and processed 20 records for country='in', keyword='Data Scientist', page=2
2026-07-15 01:10:17,033 - INFO - Querying Adzuna API for country='in', page=1, keyword='Business Analyst'
2026-07-15 01:10:17,479 - INFO - Fetched and processed 20 records for country='in', keyword='Business Analyst', page=1
2026-07-15 01:10:19,023 - INFO - Querying Adzuna API for country='in', page=2, keyword='Business Analyst'
2026-07-15 01:10:19,524 - INFO - Fetched and processed 20 records for country='in', keyword='Business Analyst', page=2
2026-07-15 01:10:20,804 - INFO - Querying Adzuna API for country='in', page=1, keyword='Data Engineer'
2026-07-15 01:10:21,373 - INFO - Fetched and processed 20 records for country='in', keyword='Data Engineer', page=1
2026-07-15 01:10:22,657 - INFO - Querying Adzuna API for country='in', page=2, keyword='Data Engineer'
2026-07-15 01:10:23,251 - INFO - Fetched and processed 20 records for country='in', keyword='Data Engineer', page=2
2026-07-15 01:10:24,816 - INFO - Querying Adzuna API for country='gb', page=1, keyword='Developer'
2026-07-15 01:10:25,379 - INFO - Fetched and processed 20 records for country='gb', keyword='Developer', page=1
2026-07-15 01:10:26,861 - INFO - Querying Adzuna API for country='gb', page=2, keyword='Developer'
2026-07-15 01:10:27,625 - INFO - Fetched and processed 20 records for country='gb', keyword='Developer', page=2
2026-07-15 01:10:28,866 - INFO - Querying Adzuna API for country='gb', page=1, keyword='Data Analyst'
2026-07-15 01:10:29,421 - INFO - Fetched and processed 20 records for country='gb', keyword='Data Analyst', page=1
2026-07-15 01:10:30,877 - INFO - Querying Adzuna API for country='gb', page=2, keyword='Data Analyst'
2026-07-15 01:10:31,389 - INFO - Fetched and processed 20 records for country='gb', keyword='Data Analyst', page=2
2026-07-15 01:10:32,638 - INFO - Querying Adzuna API for country='gb', page=1, keyword='Data Scientist'
2026-07-15 01:10:33,172 - INFO - Fetched and processed 20 records for country='gb', keyword='Data Scientist', page=1
2026-07-15 01:10:35,104 - INFO - Querying Adzuna API for country='gb', page=2, keyword='Data Scientist'
2026-07-15 01:10:35,733 - INFO - Fetched and processed 20 records for country='gb', keyword='Data Scientist', page=2
2026-07-15 01:10:36,964 - INFO - Querying Adzuna API for country='gb', page=1, keyword='Business Analyst'
2026-07-15 01:10:37,591 - INFO - Fetched and processed 20 records for country='gb', keyword='Business Analyst', page=1
2026-07-15 01:10:39,432 - INFO - Querying Adzuna API for country='gb', page=2, keyword='Business Analyst'
2026-07-15 01:10:39,866 - INFO - Fetched and processed 20 records for country='gb', keyword='Business Analyst', page=2
2026-07-15 01:10:41,738 - INFO - Querying Adzuna API for country='gb', page=1, keyword='Data Engineer'
2026-07-15 01:10:42,454 - INFO - Fetched and processed 20 records for country='gb', keyword='Data Engineer', page=1
2026-07-15 01:10:43,743 - INFO - Querying Adzuna API for country='gb', page=2, keyword='Data Engineer'
2026-07-15 01:10:44,335 - INFO - Fetched and processed 20 records for country='gb', keyword='Data Engineer', page=2
2026-07-15 01:10:45,614 - INFO - Pipeline executed successfully. Saved 400 JSON objects to data/raw/api_jobs_20260715_011045.json
2026-07-16 01:19:12,291 - INFO - Querying Adzuna API for country='in', page=1, keyword='Developer'
2026-07-16 01:19:13,041 - INFO - Fetched and processed 20 records for country='in', keyword='Developer', page=1
2026-07-16 01:19:14,756 - INFO - Querying Adzuna API for country='in', page=2, keyword='Developer'
2026-07-16 01:19:15,369 - INFO - Fetched and processed 20 records for country='in', keyword='Developer', page=2
2026-07-16 01:19:17,232 - INFO - Querying Adzuna API for country='in', page=1, keyword='Data Analyst'
2026-07-16 01:19:17,803 - INFO - Fetched and processed 20 records for country='in', keyword='Data Analyst', page=1
2026-07-16 01:19:18,946 - INFO - Querying Adzuna API for country='in', page=2, keyword='Data Analyst'
2026-07-16 01:19:19,694 - INFO - Fetched and processed 20 records for country='in', keyword='Data Analyst', page=2
2026-07-16 01:19:21,535 - INFO - Querying Adzuna API for country='in', page=1, keyword='Data Scientist'
2026-07-16 01:19:22,242 - INFO - Fetched and processed 20 records for country='in', keyword='Data Scientist', page=1
2026-07-16 01:19:23,358 - INFO - Querying Adzuna API for country='in', page=2, keyword='Data Scientist'
2026-07-16 01:19:23,829 - INFO - Fetched and processed 20 records for country='in', keyword='Data Scientist', page=2
2026-07-16 01:19:25,558 - INFO - Querying Adzuna API for country='in', page=1, keyword='Business Analyst'
2026-07-16 01:19:26,145 - INFO - Fetched and processed 20 records for country='in', keyword='Business Analyst', page=1
2026-07-16 01:19:27,737 - INFO - Querying Adzuna API for country='in', page=2, keyword='Business Analyst'
2026-07-16 01:19:28,210 - INFO - Fetched and processed 20 records for country='in', keyword='Business Analyst', page=2
2026-07-16 01:19:29,720 - INFO - Querying Adzuna API for country='in', page=1, keyword='Data Engineer'
2026-07-16 01:19:30,353 - INFO - Fetched and processed 20 records for country='in', keyword='Data Engineer', page=1
2026-07-16 01:19:31,721 - INFO - Querying Adzuna API for country='in', page=2, keyword='Data Engineer'
2026-07-16 01:19:32,416 - INFO - Fetched and processed 20 records for country='in', keyword='Data Engineer', page=2
2026-07-16 01:19:34,134 - INFO - Querying Adzuna API for country='gb', page=1, keyword='Developer'
2026-07-16 01:19:34,832 - INFO - Fetched and processed 20 records for country='gb', keyword='Developer', page=1
2026-07-16 01:19:36,314 - INFO - Querying Adzuna API for country='gb', page=2, keyword='Developer'
2026-07-16 01:19:36,945 - INFO - Fetched and processed 20 records for country='gb', keyword='Developer', page=2
2026-07-16 01:19:38,595 - INFO - Querying Adzuna API for country='gb', page=1, keyword='Data Analyst'
2026-07-16 01:19:39,223 - INFO - Fetched and processed 20 records for country='gb', keyword='Data Analyst', page=1
2026-07-16 01:19:41,208 - INFO - Querying Adzuna API for country='gb', page=2, keyword='Data Analyst'
2026-07-16 01:19:41,763 - INFO - Fetched and processed 20 records for country='gb', keyword='Data Analyst', page=2
2026-07-16 01:19:43,361 - INFO - Querying Adzuna API for country='gb', page=1, keyword='Data Scientist'
2026-07-16 01:19:44,075 - INFO - Fetched and processed 20 records for country='gb', keyword='Data Scientist', page=1
2026-07-16 01:19:45,827 - INFO - Querying Adzuna API for country='gb', page=2, keyword='Data Scientist'
2026-07-16 01:19:46,459 - INFO - Fetched and processed 20 records for country='gb', keyword='Data Scientist', page=2
2026-07-16 01:19:47,851 - INFO - Querying Adzuna API for country='gb', page=1, keyword='Business Analyst'
2026-07-16 01:19:48,388 - INFO - Fetched and processed 20 records for country='gb', keyword='Business Analyst', page=1
2026-07-16 01:19:49,488 - INFO - Querying Adzuna API for country='gb', page=2, keyword='Business Analyst'
2026-07-16 01:19:50,029 - INFO - Fetched and processed 20 records for country='gb', keyword='Business Analyst', page=2
2026-07-16 01:19:51,591 - INFO - Querying Adzuna API for country='gb', page=1, keyword='Data Engineer'
2026-07-16 01:19:52,414 - INFO - Fetched and processed 20 records for country='gb', keyword='Data Engineer', page=1
2026-07-16 01:19:54,242 - INFO - Querying Adzuna API for country='gb', page=2, keyword='Data Engineer'
2026-07-16 01:19:54,943 - INFO - Fetched and processed 20 records for country='gb', keyword='Data Engineer', page=2
2026-07-16 01:19:56,562 - INFO - Pipeline executed successfully. Saved 400 JSON objects to data/raw/api_jobs_20260716_011956.json
2026-07-17 01:22:44,541 - INFO - Querying Adzuna API for country='in', page=1, keyword='Developer'
2026-07-17 01:22:45,448 - INFO - Fetched and processed 20 records for country='in', keyword='Developer', page=1
2026-07-17 01:22:46,725 - INFO - Querying Adzuna API for country='in', page=2, keyword='Developer'
2026-07-17 01:22:47,292 - INFO - Fetched and processed 20 records for country='in', keyword='Developer', page=2
2026-07-17 01:22:49,102 - INFO - Querying Adzuna API for country='in', page=1, keyword='Data Analyst'
2026-07-17 01:22:49,731 - INFO - Fetched and processed 20 records for country='in', keyword='Data Analyst', page=1
2026-07-17 01:22:51,159 - INFO - Querying Adzuna API for country='in', page=2, keyword='Data Analyst'
2026-07-17 01:22:51,795 - INFO - Fetched and processed 20 records for country='in', keyword='Data Analyst', page=2
2026-07-17 01:22:53,155 - INFO - Querying Adzuna API for country='in', page=1, keyword='Data Scientist'
2026-07-17 01:22:53,777 - INFO - Fetched and processed 20 records for country='in', keyword='Data Scientist', page=1
2026-07-17 01:22:55,054 - INFO - Querying Adzuna API for country='in', page=2, keyword='Data Scientist'
2026-07-17 01:22:55,713 - INFO - Fetched and processed 20 records for country='in', keyword='Data Scientist', page=2
2026-07-17 01:22:57,516 - INFO - Querying Adzuna API for country='in', page=1, keyword='Business Analyst'
2026-07-17 01:22:58,175 - INFO - Fetched and processed 20 records for country='in', keyword='Business Analyst', page=1
2026-07-17 01:22:59,642 - INFO - Querying Adzuna API for country='in', page=2, keyword='Business Analyst'
2026-07-17 01:23:00,263 - INFO - Fetched and processed 20 records for country='in', keyword='Business Analyst', page=2
2026-07-17 01:23:01,336 - INFO - Querying Adzuna API for country='in', page=1, keyword='Data Engineer'
2026-07-17 01:23:02,632 - INFO - Fetched and processed 20 records for country='in', keyword='Data Engineer', page=1
2026-07-17 01:23:04,366 - INFO - Querying Adzuna API for country='in', page=2, keyword='Data Engineer'
2026-07-17 01:23:05,003 - INFO - Fetched and processed 20 records for country='in', keyword='Data Engineer', page=2
2026-07-17 01:23:06,690 - INFO - Querying Adzuna API for country='gb', page=1, keyword='Developer'
2026-07-17 01:23:07,514 - INFO - Fetched and processed 20 records for country='gb', keyword='Developer', page=1
2026-07-17 01:23:09,101 - INFO - Querying Adzuna API for country='gb', page=2, keyword='Developer'
2026-07-17 01:23:09,789 - INFO - Fetched and processed 20 records for country='gb', keyword='Developer', page=2
2026-07-17 01:23:11,421 - INFO - Querying Adzuna API for country='gb', page=1, keyword='Data Analyst'
2026-07-17 01:23:11,964 - INFO - Fetched and processed 20 records for country='gb', keyword='Data Analyst', page=1
2026-07-17 01:23:13,640 - INFO - Querying Adzuna API for country='gb', page=2, keyword='Data Analyst'
2026-07-17 01:23:14,215 - INFO - Fetched and processed 20 records for country='gb', keyword='Data Analyst', page=2
2026-07-17 01:23:15,626 - INFO - Querying Adzuna API for country='gb', page=1, keyword='Data Scientist'
2026-07-17 01:23:16,187 - INFO - Fetched and processed 20 records for country='gb', keyword='Data Scientist', page=1
2026-07-17 01:23:17,597 - INFO - Querying Adzuna API for country='gb', page=2, keyword='Data Scientist'
2026-07-17 01:23:18,243 - INFO - Fetched and processed 20 records for country='gb', keyword='Data Scientist', page=2
2026-07-17 01:23:20,165 - INFO - Querying Adzuna API for country='gb', page=1, keyword='Business Analyst'
2026-07-17 01:23:20,874 - INFO - Fetched and processed 20 records for country='gb', keyword='Business Analyst', page=1
2026-07-17 01:23:21,997 - INFO - Querying Adzuna API for country='gb', page=2, keyword='Business Analyst'
2026-07-17 01:23:22,636 - INFO - Fetched and processed 20 records for country='gb', keyword='Business Analyst', page=2
2026-07-17 01:23:23,798 - INFO - Querying Adzuna API for country='gb', page=1, keyword='Data Engineer'
2026-07-17 01:23:24,516 - INFO - Fetched and processed 20 records for country='gb', keyword='Data Engineer', page=1
2026-07-17 01:23:26,421 - INFO - Querying Adzuna API for country='gb', page=2, keyword='Data Engineer'
2026-07-17 01:23:27,156 - INFO - Fetched and processed 20 records for country='gb', keyword='Data Engineer', page=2
2026-07-17 01:23:28,282 - INFO - Pipeline executed successfully. Saved 400 JSON objects to data/raw/api_jobs_20260717_012328.json
2026-07-18 01:15:03,070 - INFO - Querying Adzuna API for country='in', page=1, keyword='Developer'
2026-07-18 01:15:04,831 - INFO - Fetched and processed 20 records for country='in', keyword='Developer', page=1
2026-07-18 01:15:06,775 - INFO - Querying Adzuna API for country='in', page=2, keyword='Developer'
2026-07-18 01:15:08,863 - INFO - Fetched and processed 20 records for country='in', keyword='Developer', page=2
2026-07-18 01:15:10,542 - INFO - Querying Adzuna API for country='in', page=1, keyword='Data Analyst'
2026-07-18 01:15:12,546 - INFO - Fetched and processed 20 records for country='in', keyword='Data Analyst', page=1
2026-07-18 01:15:14,033 - INFO - Querying Adzuna API for country='in', page=2, keyword='Data Analyst'
2026-07-18 01:15:14,667 - INFO - Fetched and processed 20 records for country='in', keyword='Data Analyst', page=2
2026-07-18 01:15:16,019 - INFO - Querying Adzuna API for country='in', page=1, keyword='Data Scientist'
2026-07-18 01:15:16,581 - INFO - Fetched and processed 20 records for country='in', keyword='Data Scientist', page=1
2026-07-18 01:15:18,372 - INFO - Querying Adzuna API for country='in', page=2, keyword='Data Scientist'
2026-07-18 01:15:19,024 - INFO - Fetched and processed 20 records for country='in', keyword='Data Scientist', page=2
2026-07-18 01:15:20,237 - INFO - Querying Adzuna API for country='in', page=1, keyword='Business Analyst'
2026-07-18 01:15:21,079 - INFO - Fetched and processed 20 records for country='in', keyword='Business Analyst', page=1
2026-07-18 01:15:22,511 - INFO - Querying Adzuna API for country='in', page=2, keyword='Business Analyst'
2026-07-18 01:15:23,250 - INFO - Fetched and processed 20 records for country='in', keyword='Business Analyst', page=2
2026-07-18 01:15:24,364 - INFO - Querying Adzuna API for country='in', page=1, keyword='Data Engineer'
2026-07-18 01:15:25,037 - INFO - Fetched and processed 20 records for country='in', keyword='Data Engineer', page=1
2026-07-18 01:15:27,038 - INFO - Querying Adzuna API for country='in', page=2, keyword='Data Engineer'
2026-07-18 01:15:27,690 - INFO - Fetched and processed 20 records for country='in', keyword='Data Engineer', page=2
2026-07-18 01:15:29,478 - INFO - Querying Adzuna API for country='gb', page=1, keyword='Developer'
2026-07-18 01:15:30,401 - INFO - Fetched and processed 20 records for country='gb', keyword='Developer', page=1
2026-07-18 01:15:32,319 - INFO - Querying Adzuna API for country='gb', page=2, keyword='Developer'
2026-07-18 01:15:32,911 - INFO - Fetched and processed 20 records for country='gb', keyword='Developer', page=2
2026-07-18 01:15:34,903 - INFO - Querying Adzuna API for country='gb', page=1, keyword='Data Analyst'
2026-07-18 01:15:35,562 - INFO - Fetched and processed 20 records for country='gb', keyword='Data Analyst', page=1
2026-07-18 01:15:36,625 - INFO - Querying Adzuna API for country='gb', page=2, keyword='Data Analyst'
2026-07-18 01:15:37,352 - INFO - Fetched and processed 20 records for country='gb', keyword='Data Analyst', page=2
2026-07-18 01:15:39,212 - INFO - Querying Adzuna API for country='gb', page=1, keyword='Data Scientist'
2026-07-18 01:15:39,843 - INFO - Fetched and processed 20 records for country='gb', keyword='Data Scientist', page=1
2026-07-18 01:15:41,748 - INFO - Querying Adzuna API for country='gb', page=2, keyword='Data Scientist'
2026-07-18 01:15:42,426 - INFO - Fetched and processed 20 records for country='gb', keyword='Data Scientist', page=2
2026-07-18 01:15:44,231 - INFO - Querying Adzuna API for country='gb', page=1, keyword='Business Analyst'
2026-07-18 01:15:44,827 - INFO - Fetched and processed 20 records for country='gb', keyword='Business Analyst', page=1
2026-07-18 01:15:46,683 - INFO - Querying Adzuna API for country='gb', page=2, keyword='Business Analyst'
2026-07-18 01:15:47,256 - INFO - Fetched and processed 20 records for country='gb', keyword='Business Analyst', page=2
2026-07-18 01:15:48,394 - INFO - Querying Adzuna API for country='gb', page=1, keyword='Data Engineer'
2026-07-18 01:15:49,010 - INFO - Fetched and processed 20 records for country='gb', keyword='Data Engineer', page=1
2026-07-18 01:15:50,245 - INFO - Querying Adzuna API for country='gb', page=2, keyword='Data Engineer'
2026-07-18 01:15:50,846 - INFO - Fetched and processed 20 records for country='gb', keyword='Data Engineer', page=2
2026-07-18 01:15:51,913 - INFO - Pipeline executed successfully. Saved 400 JSON objects to data/raw/api_jobs_20260718_011551.json
2026-07-19 01:20:50,753 - INFO - Querying Adzuna API for country='in', page=1, keyword='Developer'
2026-07-19 01:20:51,653 - INFO - Fetched and processed 20 records for country='in', keyword='Developer', page=1
2026-07-19 01:20:52,853 - INFO - Querying Adzuna API for country='in', page=2, keyword='Developer'
2026-07-19 01:20:53,501 - INFO - Fetched and processed 20 records for country='in', keyword='Developer', page=2
2026-07-19 01:20:54,753 - INFO - Querying Adzuna API for country='in', page=1, keyword='Data Analyst'
2026-07-19 01:20:55,238 - INFO - Fetched and processed 20 records for country='in', keyword='Data Analyst', page=1
2026-07-19 01:20:56,622 - INFO - Querying Adzuna API for country='in', page=2, keyword='Data Analyst'
2026-07-19 01:20:57,120 - INFO - Fetched and processed 20 records for country='in', keyword='Data Analyst', page=2
2026-07-19 01:20:58,462 - INFO - Querying Adzuna API for country='in', page=1, keyword='Data Scientist'
2026-07-19 01:20:59,020 - INFO - Fetched and processed 20 records for country='in', keyword='Data Scientist', page=1
2026-07-19 01:21:00,210 - INFO - Querying Adzuna API for country='in', page=2, keyword='Data Scientist'
2026-07-19 01:21:00,785 - INFO - Fetched and processed 20 records for country='in', keyword='Data Scientist', page=2
2026-07-19 01:21:02,093 - INFO - Querying Adzuna API for country='in', page=1, keyword='Business Analyst'
2026-07-19 01:21:02,713 - INFO - Fetched and processed 20 records for country='in', keyword='Business Analyst', page=1
2026-07-19 01:21:03,832 - INFO - Querying Adzuna API for country='in', page=2, keyword='Business Analyst'
2026-07-19 01:21:04,490 - INFO - Fetched and processed 20 records for country='in', keyword='Business Analyst', page=2
2026-07-19 01:21:05,644 - INFO - Querying Adzuna API for country='in', page=1, keyword='Data Engineer'
2026-07-19 01:21:06,208 - INFO - Fetched and processed 20 records for country='in', keyword='Data Engineer', page=1
2026-07-19 01:21:07,760 - INFO - Querying Adzuna API for country='in', page=2, keyword='Data Engineer'
2026-07-19 01:21:08,358 - INFO - Fetched and processed 20 records for country='in', keyword='Data Engineer', page=2
2026-07-19 01:21:09,687 - INFO - Querying Adzuna API for country='gb', page=1, keyword='Developer'
2026-07-19 01:21:10,462 - INFO - Fetched and processed 20 records for country='gb', keyword='Developer', page=1
2026-07-19 01:21:12,314 - INFO - Querying Adzuna API for country='gb', page=2, keyword='Developer'
2026-07-19 01:21:13,080 - INFO - Fetched and processed 20 records for country='gb', keyword='Developer', page=2
2026-07-19 01:21:14,946 - INFO - Querying Adzuna API for country='gb', page=1, keyword='Data Analyst'
2026-07-19 01:21:15,668 - INFO - Fetched and processed 20 records for country='gb', keyword='Data Analyst', page=1
2026-07-19 01:21:17,569 - INFO - Querying Adzuna API for country='gb', page=2, keyword='Data Analyst'
2026-07-19 01:21:18,192 - INFO - Fetched and processed 20 records for country='gb', keyword='Data Analyst', page=2
2026-07-19 01:21:19,390 - INFO - Querying Adzuna API for country='gb', page=1, keyword='Data Scientist'
2026-07-19 01:21:20,025 - INFO - Fetched and processed 20 records for country='gb', keyword='Data Scientist', page=1
2026-07-19 01:21:21,399 - INFO - Querying Adzuna API for country='gb', page=2, keyword='Data Scientist'
2026-07-19 01:21:22,020 - INFO - Fetched and processed 20 records for country='gb', keyword='Data Scientist', page=2
2026-07-19 01:21:23,081 - INFO - Querying Adzuna API for country='gb', page=1, keyword='Business Analyst'
2026-07-19 01:21:23,653 - INFO - Fetched and processed 20 records for country='gb', keyword='Business Analyst', page=1
2026-07-19 01:21:25,644 - INFO - Querying Adzuna API for country='gb', page=2, keyword='Business Analyst'
2026-07-19 01:21:26,152 - INFO - Fetched and processed 20 records for country='gb', keyword='Business Analyst', page=2
2026-07-19 01:21:27,811 - INFO - Querying Adzuna API for country='gb', page=1, keyword='Data Engineer'
2026-07-19 01:21:28,481 - INFO - Fetched and processed 20 records for country='gb', keyword='Data Engineer', page=1
2026-07-19 01:21:29,877 - INFO - Querying Adzuna API for country='gb', page=2, keyword='Data Engineer'
2026-07-19 01:21:30,586 - INFO - Fetched and processed 20 records for country='gb', keyword='Data Engineer', page=2
2026-07-19 01:21:31,774 - INFO - Pipeline executed successfully. Saved 400 JSON objects to data/raw/api_jobs_20260719_012131.json
2026-07-20 01:24:32,810 - INFO - Querying Adzuna API for country='in', page=1, keyword='Developer'
2026-07-20 01:24:33,543 - INFO - Fetched and processed 20 records for country='in', keyword='Developer', page=1
2026-07-20 01:24:35,204 - INFO - Querying Adzuna API for country='in', page=2, keyword='Developer'
2026-07-20 01:24:35,813 - INFO - Fetched and processed 20 records for country='in', keyword='Developer', page=2
2026-07-20 01:24:36,939 - INFO - Querying Adzuna API for country='in', page=1, keyword='Data Analyst'
2026-07-20 01:24:37,487 - INFO - Fetched and processed 20 records for country='in', keyword='Data Analyst', page=1
2026-07-20 01:24:38,856 - INFO - Querying Adzuna API for country='in', page=2, keyword='Data Analyst'
2026-07-20 01:24:39,361 - INFO - Fetched and processed 20 records for country='in', keyword='Data Analyst', page=2
2026-07-20 01:24:40,542 - INFO - Querying Adzuna API for country='in', page=1, keyword='Data Scientist'
2026-07-20 01:24:41,188 - INFO - Fetched and processed 20 records for country='in', keyword='Data Scientist', page=1
2026-07-20 01:24:42,543 - INFO - Querying Adzuna API for country='in', page=2, keyword='Data Scientist'
2026-07-20 01:24:43,110 - INFO - Fetched and processed 20 records for country='in', keyword='Data Scientist', page=2
2026-07-20 01:24:44,810 - INFO - Querying Adzuna API for country='in', page=1, keyword='Business Analyst'
2026-07-20 01:24:45,453 - INFO - Fetched and processed 20 records for country='in', keyword='Business Analyst', page=1
2026-07-20 01:24:46,560 - INFO - Querying Adzuna API for country='in', page=2, keyword='Business Analyst'
2026-07-20 01:24:47,211 - INFO - Fetched and processed 20 records for country='in', keyword='Business Analyst', page=2
2026-07-20 01:24:48,427 - INFO - Querying Adzuna API for country='in', page=1, keyword='Data Engineer'
2026-07-20 01:24:48,958 - INFO - Fetched and processed 20 records for country='in', keyword='Data Engineer', page=1
2026-07-20 01:24:50,532 - INFO - Querying Adzuna API for country='in', page=2, keyword='Data Engineer'
2026-07-20 01:24:51,088 - INFO - Fetched and processed 20 records for country='in', keyword='Data Engineer', page=2
2026-07-20 01:24:52,675 - INFO - Querying Adzuna API for country='gb', page=1, keyword='Developer'
2026-07-20 01:24:53,400 - INFO - Fetched and processed 20 records for country='gb', keyword='Developer', page=1
2026-07-20 01:24:54,901 - INFO - Querying Adzuna API for country='gb', page=2, keyword='Developer'
2026-07-20 01:24:55,640 - INFO - Fetched and processed 20 records for country='gb', keyword='Developer', page=2
2026-07-20 01:24:57,148 - INFO - Querying Adzuna API for country='gb', page=1, keyword='Data Analyst'
2026-07-20 01:24:57,698 - INFO - Fetched and processed 20 records for country='gb', keyword='Data Analyst', page=1
2026-07-20 01:24:59,643 - INFO - Querying Adzuna API for country='gb', page=2, keyword='Data Analyst'
2026-07-20 01:25:00,193 - INFO - Fetched and processed 20 records for country='gb', keyword='Data Analyst', page=2
2026-07-20 01:25:01,933 - INFO - Querying Adzuna API for country='gb', page=1, keyword='Data Scientist'
2026-07-20 01:25:03,047 - INFO - Fetched and processed 20 records for country='gb', keyword='Data Scientist', page=1
2026-07-20 01:25:04,059 - INFO - Querying Adzuna API for country='gb', page=2, keyword='Data Scientist'
2026-07-20 01:25:04,698 - INFO - Fetched and processed 20 records for country='gb', keyword='Data Scientist', page=2
2026-07-20 01:25:06,023 - INFO - Querying Adzuna API for country='gb', page=1, keyword='Business Analyst'
2026-07-20 01:25:06,757 - INFO - Fetched and processed 20 records for country='gb', keyword='Business Analyst', page=1
2026-07-20 01:25:07,878 - INFO - Querying Adzuna API for country='gb', page=2, keyword='Business Analyst'
2026-07-20 01:25:08,512 - INFO - Fetched and processed 20 records for country='gb', keyword='Business Analyst', page=2
2026-07-20 01:25:10,141 - INFO - Querying Adzuna API for country='gb', page=1, keyword='Data Engineer'
2026-07-20 01:25:10,795 - INFO - Fetched and processed 20 records for country='gb', keyword='Data Engineer', page=1
2026-07-20 01:25:11,806 - INFO - Querying Adzuna API for country='gb', page=2, keyword='Data Engineer'
2026-07-20 01:25:12,444 - INFO - Fetched and processed 20 records for country='gb', keyword='Data Engineer', page=2
2026-07-20 01:25:13,636 - INFO - Pipeline executed successfully. Saved 400 JSON objects to data/raw/api_jobs_20260720_012513.json
2026-07-21 01:20:36,022 - INFO - Querying Adzuna API for country='in', page=1, keyword='Developer'
2026-07-21 01:20:36,641 - INFO - Fetched and processed 20 records for country='in', keyword='Developer', page=1
2026-07-21 01:20:37,900 - INFO - Querying Adzuna API for country='in', page=2, keyword='Developer'
2026-07-21 01:20:38,409 - INFO - Fetched and processed 20 records for country='in', keyword='Developer', page=2
2026-07-21 01:20:39,886 - INFO - Querying Adzuna API for country='in', page=1, keyword='Data Analyst'
2026-07-21 01:20:40,438 - INFO - Fetched and processed 20 records for country='in', keyword='Data Analyst', page=1
2026-07-21 01:20:41,898 - INFO - Querying Adzuna API for country='in', page=2, keyword='Data Analyst'
2026-07-21 01:20:42,347 - INFO - Fetched and processed 20 records for country='in', keyword='Data Analyst', page=2
2026-07-21 01:20:43,805 - INFO - Querying Adzuna API for country='in', page=1, keyword='Data Scientist'
2026-07-21 01:20:44,256 - INFO - Fetched and processed 20 records for country='in', keyword='Data Scientist', page=1
2026-07-21 01:20:46,148 - INFO - Querying Adzuna API for country='in', page=2, keyword='Data Scientist'
2026-07-21 01:20:46,630 - INFO - Fetched and processed 20 records for country='in', keyword='Data Scientist', page=2
2026-07-21 01:20:48,233 - INFO - Querying Adzuna API for country='in', page=1, keyword='Business Analyst'
2026-07-21 01:20:48,879 - INFO - Fetched and processed 20 records for country='in', keyword='Business Analyst', page=1
2026-07-21 01:20:49,918 - INFO - Querying Adzuna API for country='in', page=2, keyword='Business Analyst'
2026-07-21 01:20:50,414 - INFO - Fetched and processed 20 records for country='in', keyword='Business Analyst', page=2
2026-07-21 01:20:52,399 - INFO - Querying Adzuna API for country='in', page=1, keyword='Data Engineer'
2026-07-21 01:20:52,942 - INFO - Fetched and processed 20 records for country='in', keyword='Data Engineer', page=1
2026-07-21 01:20:54,648 - INFO - Querying Adzuna API for country='in', page=2, keyword='Data Engineer'
2026-07-21 01:20:55,158 - INFO - Fetched and processed 20 records for country='in', keyword='Data Engineer', page=2
2026-07-21 01:20:57,002 - INFO - Querying Adzuna API for country='gb', page=1, keyword='Developer'
2026-07-21 01:20:57,573 - INFO - Fetched and processed 20 records for country='gb', keyword='Developer', page=1
2026-07-21 01:20:59,240 - INFO - Querying Adzuna API for country='gb', page=2, keyword='Developer'
2026-07-21 01:20:59,930 - INFO - Fetched and processed 20 records for country='gb', keyword='Developer', page=2
2026-07-21 01:21:01,521 - INFO - Querying Adzuna API for country='gb', page=1, keyword='Data Analyst'
2026-07-21 01:21:02,032 - INFO - Fetched and processed 20 records for country='gb', keyword='Data Analyst', page=1
2026-07-21 01:21:03,091 - INFO - Querying Adzuna API for country='gb', page=2, keyword='Data Analyst'
2026-07-21 01:21:03,863 - INFO - Fetched and processed 20 records for country='gb', keyword='Data Analyst', page=2
2026-07-21 01:21:05,045 - INFO - Querying Adzuna API for country='gb', page=1, keyword='Data Scientist'
2026-07-21 01:21:05,530 - INFO - Fetched and processed 20 records for country='gb', keyword='Data Scientist', page=1
2026-07-21 01:21:07,423 - INFO - Querying Adzuna API for country='gb', page=2, keyword='Data Scientist'
2026-07-21 01:21:07,985 - INFO - Fetched and processed 20 records for country='gb', keyword='Data Scientist', page=2
2026-07-21 01:21:09,194 - INFO - Querying Adzuna API for country='gb', page=1, keyword='Business Analyst'
2026-07-21 01:21:09,636 - INFO - Fetched and processed 20 records for country='gb', keyword='Business Analyst', page=1
2026-07-21 01:21:11,281 - INFO - Querying Adzuna API for country='gb', page=2, keyword='Business Analyst'
2026-07-21 01:21:11,686 - INFO - Fetched and processed 20 records for country='gb', keyword='Business Analyst', page=2
2026-07-21 01:21:13,514 - INFO - Querying Adzuna API for country='gb', page=1, keyword='Data Engineer'
2026-07-21 01:21:14,025 - INFO - Fetched and processed 20 records for country='gb', keyword='Data Engineer', page=1
2026-07-21 01:21:15,490 - INFO - Querying Adzuna API for country='gb', page=2, keyword='Data Engineer'
2026-07-21 01:21:16,142 - INFO - Fetched and processed 20 records for country='gb', keyword='Data Engineer', page=2
2026-07-21 01:21:17,942 - INFO - Pipeline executed successfully. Saved 400 JSON objects to data/raw/api_jobs_20260721_012117.json
2026-07-22 01:19:00,427 - INFO - Querying Adzuna API for country='in', page=1, keyword='Developer'
2026-07-22 01:19:01,204 - INFO - Fetched and processed 20 records for country='in', keyword='Developer', page=1
2026-07-22 01:19:02,577 - INFO - Querying Adzuna API for country='in', page=2, keyword='Developer'
2026-07-22 01:19:03,151 - INFO - Fetched and processed 20 records for country='in', keyword='Developer', page=2
2026-07-22 01:19:04,549 - INFO - Querying Adzuna API for country='in', page=1, keyword='Data Analyst'
2026-07-22 01:19:04,953 - INFO - Fetched and processed 20 records for country='in', keyword='Data Analyst', page=1
2026-07-22 01:19:06,324 - INFO - Querying Adzuna API for country='in', page=2, keyword='Data Analyst'
2026-07-22 01:19:06,842 - INFO - Fetched and processed 20 records for country='in', keyword='Data Analyst', page=2
2026-07-22 01:19:07,986 - INFO - Querying Adzuna API for country='in', page=1, keyword='Data Scientist'
2026-07-22 01:19:08,500 - INFO - Fetched and processed 20 records for country='in', keyword='Data Scientist', page=1
2026-07-22 01:19:09,611 - INFO - Querying Adzuna API for country='in', page=2, keyword='Data Scientist'
2026-07-22 01:19:10,012 - INFO - Fetched and processed 20 records for country='in', keyword='Data Scientist', page=2
2026-07-22 01:19:11,911 - INFO - Querying Adzuna API for country='in', page=1, keyword='Business Analyst'
2026-07-22 01:19:12,400 - INFO - Fetched and processed 20 records for country='in', keyword='Business Analyst', page=1
2026-07-22 01:19:13,795 - INFO - Querying Adzuna API for country='in', page=2, keyword='Business Analyst'
2026-07-22 01:19:14,322 - INFO - Fetched and processed 20 records for country='in', keyword='Business Analyst', page=2
2026-07-22 01:19:15,563 - INFO - Querying Adzuna API for country='in', page=1, keyword='Data Engineer'
2026-07-22 01:19:16,086 - INFO - Fetched and processed 20 records for country='in', keyword='Data Engineer', page=1
2026-07-22 01:19:18,076 - INFO - Querying Adzuna API for country='in', page=2, keyword='Data Engineer'
2026-07-22 01:19:18,588 - INFO - Fetched and processed 20 records for country='in', keyword='Data Engineer', page=2
2026-07-22 01:19:20,532 - INFO - Querying Adzuna API for country='gb', page=1, keyword='Developer'
2026-07-22 01:19:21,184 - INFO - Fetched and processed 20 records for country='gb', keyword='Developer', page=1
2026-07-22 01:19:22,795 - INFO - Querying Adzuna API for country='gb', page=2, keyword='Developer'
2026-07-22 01:19:23,733 - INFO - Fetched and processed 20 records for country='gb', keyword='Developer', page=2
2026-07-22 01:19:25,231 - INFO - Querying Adzuna API for country='gb', page=1, keyword='Data Analyst'
2026-07-22 01:19:25,851 - INFO - Fetched and processed 20 records for country='gb', keyword='Data Analyst', page=1
2026-07-22 01:19:27,137 - INFO - Querying Adzuna API for country='gb', page=2, keyword='Data Analyst'
2026-07-22 01:19:27,613 - INFO - Fetched and processed 20 records for country='gb', keyword='Data Analyst', page=2
2026-07-22 01:19:29,530 - INFO - Querying Adzuna API for country='gb', page=1, keyword='Data Scientist'
2026-07-22 01:19:30,148 - INFO - Fetched and processed 20 records for country='gb', keyword='Data Scientist', page=1
2026-07-22 01:19:31,844 - INFO - Querying Adzuna API for country='gb', page=2, keyword='Data Scientist'
2026-07-22 01:19:32,436 - INFO - Fetched and processed 20 records for country='gb', keyword='Data Scientist', page=2
2026-07-22 01:19:33,662 - INFO - Querying Adzuna API for country='gb', page=1, keyword='Business Analyst'
2026-07-22 01:19:34,347 - INFO - Fetched and processed 20 records for country='gb', keyword='Business Analyst', page=1
2026-07-22 01:19:36,316 - INFO - Querying Adzuna API for country='gb', page=2, keyword='Business Analyst'
2026-07-22 01:19:36,746 - INFO - Fetched and processed 20 records for country='gb', keyword='Business Analyst', page=2
2026-07-22 01:19:38,009 - INFO - Querying Adzuna API for country='gb', page=1, keyword='Data Engineer'
2026-07-22 01:19:38,537 - INFO - Fetched and processed 20 records for country='gb', keyword='Data Engineer', page=1
2026-07-22 01:19:40,421 - INFO - Querying Adzuna API for country='gb', page=2, keyword='Data Engineer'
2026-07-22 01:19:41,011 - INFO - Fetched and processed 20 records for country='gb', keyword='Data Engineer', page=2
2026-07-22 01:19:42,240 - INFO - Pipeline executed successfully. Saved 400 JSON objects to data/raw/api_jobs_20260722_011942.json
2026-07-23 01:26:29,891 - INFO - Querying Adzuna API for country='in', page=1, keyword='Developer'
2026-07-23 01:26:30,439 - INFO - Fetched and processed 20 records for country='in', keyword='Developer', page=1
2026-07-23 01:26:32,186 - INFO - Querying Adzuna API for country='in', page=2, keyword='Developer'
2026-07-23 01:26:32,625 - INFO - Fetched and processed 20 records for country='in', keyword='Developer', page=2
2026-07-23 01:26:34,190 - INFO - Querying Adzuna API for country='in', page=1, keyword='Data Analyst'
2026-07-23 01:26:34,593 - INFO - Fetched and processed 20 records for country='in', keyword='Data Analyst', page=1
2026-07-23 01:26:36,193 - INFO - Querying Adzuna API for country='in', page=2, keyword='Data Analyst'
2026-07-23 01:26:36,596 - INFO - Fetched and processed 20 records for country='in', keyword='Data Analyst', page=2
2026-07-23 01:26:38,130 - INFO - Querying Adzuna API for country='in', page=1, keyword='Data Scientist'
2026-07-23 01:26:38,476 - INFO - Fetched and processed 20 records for country='in', keyword='Data Scientist', page=1
2026-07-23 01:26:39,857 - INFO - Querying Adzuna API for country='in', page=2, keyword='Data Scientist'
2026-07-23 01:26:40,307 - INFO - Fetched and processed 20 records for country='in', keyword='Data Scientist', page=2
2026-07-23 01:26:42,024 - INFO - Querying Adzuna API for country='in', page=1, keyword='Business Analyst'
2026-07-23 01:26:42,409 - INFO - Fetched and processed 20 records for country='in', keyword='Business Analyst', page=1
2026-07-23 01:26:44,189 - INFO - Querying Adzuna API for country='in', page=2, keyword='Business Analyst'
2026-07-23 01:26:44,595 - INFO - Fetched and processed 20 records for country='in', keyword='Business Analyst', page=2
2026-07-23 01:26:45,868 - INFO - Querying Adzuna API for country='in', page=1, keyword='Data Engineer'
2026-07-23 01:26:46,309 - INFO - Fetched and processed 20 records for country='in', keyword='Data Engineer', page=1
2026-07-23 01:26:47,674 - INFO - Querying Adzuna API for country='in', page=2, keyword='Data Engineer'
2026-07-23 01:26:48,149 - INFO - Fetched and processed 20 records for country='in', keyword='Data Engineer', page=2
2026-07-23 01:26:49,815 - INFO - Querying Adzuna API for country='gb', page=1, keyword='Developer'
2026-07-23 01:26:50,566 - INFO - Fetched and processed 20 records for country='gb', keyword='Developer', page=1
2026-07-23 01:26:52,366 - INFO - Querying Adzuna API for country='gb', page=2, keyword='Developer'
2026-07-23 01:26:52,879 - INFO - Fetched and processed 20 records for country='gb', keyword='Developer', page=2
2026-07-23 01:26:54,681 - INFO - Querying Adzuna API for country='gb', page=1, keyword='Data Analyst'
2026-07-23 01:26:55,088 - INFO - Fetched and processed 20 records for country='gb', keyword='Data Analyst', page=1
2026-07-23 01:26:56,350 - INFO - Querying Adzuna API for country='gb', page=2, keyword='Data Analyst'
2026-07-23 01:26:56,696 - INFO - Fetched and processed 20 records for country='gb', keyword='Data Analyst', page=2
2026-07-23 01:26:58,674 - INFO - Querying Adzuna API for country='gb', page=1, keyword='Data Scientist'
2026-07-23 01:26:59,134 - INFO - Fetched and processed 20 records for country='gb', keyword='Data Scientist', page=1
2026-07-23 01:27:00,660 - INFO - Querying Adzuna API for country='gb', page=2, keyword='Data Scientist'
2026-07-23 01:27:01,255 - INFO - Fetched and processed 20 records for country='gb', keyword='Data Scientist', page=2
2026-07-23 01:27:02,793 - INFO - Querying Adzuna API for country='gb', page=1, keyword='Business Analyst'
2026-07-23 01:27:03,376 - INFO - Fetched and processed 20 records for country='gb', keyword='Business Analyst', page=1
2026-07-23 01:27:04,520 - INFO - Querying Adzuna API for country='gb', page=2, keyword='Business Analyst'
2026-07-23 01:27:04,929 - INFO - Fetched and processed 20 records for country='gb', keyword='Business Analyst', page=2
2026-07-23 01:27:06,290 - INFO - Querying Adzuna API for country='gb', page=1, keyword='Data Engineer'
2026-07-23 01:27:06,757 - INFO - Fetched and processed 20 records for country='gb', keyword='Data Engineer', page=1
2026-07-23 01:27:08,233 - INFO - Querying Adzuna API for country='gb', page=2, keyword='Data Engineer'
2026-07-23 01:27:08,724 - INFO - Fetched and processed 20 records for country='gb', keyword='Data Engineer', page=2
2026-07-23 01:27:10,431 - INFO - Pipeline executed successfully. Saved 400 JSON objects to data/raw/api_jobs_20260723_012710.json
2026-07-24 01:22:05,095 - INFO - Querying Adzuna API for country='in', page=1, keyword='Developer'
2026-07-24 01:22:05,900 - INFO - Fetched and processed 20 records for country='in', keyword='Developer', page=1
2026-07-24 01:22:07,004 - INFO - Querying Adzuna API for country='in', page=2, keyword='Developer'
2026-07-24 01:22:07,790 - INFO - Fetched and processed 20 records for country='in', keyword='Developer', page=2
2026-07-24 01:22:09,450 - INFO - Querying Adzuna API for country='in', page=1, keyword='Data Analyst'
2026-07-24 01:22:10,218 - INFO - Fetched and processed 20 records for country='in', keyword='Data Analyst', page=1
2026-07-24 01:22:11,976 - INFO - Querying Adzuna API for country='in', page=2, keyword='Data Analyst'
2026-07-24 01:22:12,585 - INFO - Fetched and processed 20 records for country='in', keyword='Data Analyst', page=2
2026-07-24 01:22:13,716 - INFO - Querying Adzuna API for country='in', page=1, keyword='Data Scientist'
2026-07-24 01:22:14,308 - INFO - Fetched and processed 20 records for country='in', keyword='Data Scientist', page=1
2026-07-24 01:22:15,754 - INFO - Querying Adzuna API for country='in', page=2, keyword='Data Scientist'
2026-07-24 01:22:16,419 - INFO - Fetched and processed 20 records for country='in', keyword='Data Scientist', page=2
2026-07-24 01:22:18,201 - INFO - Querying Adzuna API for country='in', page=1, keyword='Business Analyst'
2026-07-24 01:22:18,877 - INFO - Fetched and processed 20 records for country='in', keyword='Business Analyst', page=1
2026-07-24 01:22:20,076 - INFO - Querying Adzuna API for country='in', page=2, keyword='Business Analyst'
2026-07-24 01:22:20,710 - INFO - Fetched and processed 20 records for country='in', keyword='Business Analyst', page=2
2026-07-24 01:22:22,113 - INFO - Querying Adzuna API for country='in', page=1, keyword='Data Engineer'
2026-07-24 01:22:22,874 - INFO - Fetched and processed 20 records for country='in', keyword='Data Engineer', page=1
2026-07-24 01:22:24,590 - INFO - Querying Adzuna API for country='in', page=2, keyword='Data Engineer'
2026-07-24 01:22:25,202 - INFO - Fetched and processed 20 records for country='in', keyword='Data Engineer', page=2
2026-07-24 01:22:27,022 - INFO - Querying Adzuna API for country='gb', page=1, keyword='Developer'
2026-07-24 01:22:27,800 - INFO - Fetched and processed 20 records for country='gb', keyword='Developer', page=1
2026-07-24 01:22:29,063 - INFO - Querying Adzuna API for country='gb', page=2, keyword='Developer'
2026-07-24 01:22:29,703 - INFO - Fetched and processed 20 records for country='gb', keyword='Developer', page=2
2026-07-24 01:22:31,438 - INFO - Querying Adzuna API for country='gb', page=1, keyword='Data Analyst'
2026-07-24 01:22:32,565 - INFO - Fetched and processed 20 records for country='gb', keyword='Data Analyst', page=1
2026-07-24 01:22:34,564 - INFO - Querying Adzuna API for country='gb', page=2, keyword='Data Analyst'
2026-07-24 01:22:35,336 - INFO - Fetched and processed 20 records for country='gb', keyword='Data Analyst', page=2
2026-07-24 01:22:37,274 - INFO - Querying Adzuna API for country='gb', page=1, keyword='Data Scientist'
2026-07-24 01:22:37,892 - INFO - Fetched and processed 20 records for country='gb', keyword='Data Scientist', page=1
2026-07-24 01:22:39,504 - INFO - Querying Adzuna API for country='gb', page=2, keyword='Data Scientist'
2026-07-24 01:22:40,137 - INFO - Fetched and processed 20 records for country='gb', keyword='Data Scientist', page=2
2026-07-24 01:22:41,855 - INFO - Querying Adzuna API for country='gb', page=1, keyword='Business Analyst'
2026-07-24 01:22:42,464 - INFO - Fetched and processed 20 records for country='gb', keyword='Business Analyst', page=1
2026-07-24 01:22:44,291 - INFO - Querying Adzuna API for country='gb', page=2, keyword='Business Analyst'
2026-07-24 01:22:44,907 - INFO - Fetched and processed 20 records for country='gb', keyword='Business Analyst', page=2
2026-07-24 01:22:46,369 - INFO - Querying Adzuna API for country='gb', page=1, keyword='Data Engineer'
2026-07-24 01:22:47,079 - INFO - Fetched and processed 20 records for country='gb', keyword='Data Engineer', page=1
2026-07-24 01:22:48,277 - INFO - Querying Adzuna API for country='gb', page=2, keyword='Data Engineer'
2026-07-24 01:22:48,971 - INFO - Fetched and processed 20 records for country='gb', keyword='Data Engineer', page=2
2026-07-24 01:22:50,816 - INFO - Pipeline executed successfully. Saved 400 JSON objects to data/raw/api_jobs_20260724_012250.json
